2018-10-18 23:29:02.957  INFO 22984 --- [main] com.froad.Application                    : The following profiles are active: dev
2018-10-18 23:29:02.974  INFO 22984 --- [main] ationConfigEmbeddedWebApplicationContext : Refreshing org.springframework.boot.context.embedded.AnnotationConfigEmbeddedWebApplicationContext@2d6764b2: startup date [Thu Oct 18 23:29:02 CST 2018]; parent: org.springframework.context.annotation.AnnotationConfigApplicationContext@6302bbb1
2018-10-18 23:29:03.704  INFO 22984 --- [main] o.s.b.f.s.DefaultListableBeanFactory     : Overriding bean definition for bean 'counterFactory' with a different definition: replacing [Root bean: class [null]; scope=; abstract=false; lazyInit=false; autowireMode=3; dependencyCheck=0; autowireCandidate=true; primary=false; factoryBeanName=org.springframework.cloud.netflix.zuul.ZuulConfiguration$ZuulMetricsConfiguration; factoryMethodName=counterFactory; initMethodName=null; destroyMethodName=(inferred); defined in class path resource [org/springframework/cloud/netflix/zuul/ZuulConfiguration$ZuulMetricsConfiguration.class]] with [Root bean: class [null]; scope=; abstract=false; lazyInit=false; autowireMode=3; dependencyCheck=0; autowireCandidate=true; primary=false; factoryBeanName=org.springframework.cloud.netflix.zuul.ZuulConfiguration$ZuulCounterFactoryConfiguration; factoryMethodName=counterFactory; initMethodName=null; destroyMethodName=(inferred); defined in class path resource [org/springframework/cloud/netflix/zuul/ZuulConfiguration$ZuulCounterFactoryConfiguration.class]]
2018-10-18 23:29:03.890  INFO 22984 --- [main] o.s.cloud.context.scope.GenericScope     : BeanFactory id=79e47e7a-7156-34bc-910e-691791e27357
2018-10-18 23:29:03.910  INFO 22984 --- [main] f.a.AutowiredAnnotationBeanPostProcessor : JSR-330 'javax.inject.Inject' annotation found and supported for autowiring
2018-10-18 23:29:03.971  INFO 22984 --- [main] trationDelegate$BeanPostProcessorChecker : Bean 'org.springframework.cloud.netflix.metrics.MetricsInterceptorConfiguration$MetricsRestTemplateConfiguration' of type [org.springframework.cloud.netflix.metrics.MetricsInterceptorConfiguration$MetricsRestTemplateConfiguration$$EnhancerBySpringCGLIB$$e535db84] is not eligible for getting processed by all BeanPostProcessors (for example: not eligible for auto-proxying)
2018-10-18 23:29:03.982  INFO 22984 --- [main] trationDelegate$BeanPostProcessorChecker : Bean 'org.springframework.cloud.autoconfigure.ConfigurationPropertiesRebinderAutoConfiguration' of type [org.springframework.cloud.autoconfigure.ConfigurationPropertiesRebinderAutoConfiguration$$EnhancerBySpringCGLIB$$cf233840] is not eligible for getting processed by all BeanPostProcessors (for example: not eligible for auto-proxying)
2018-10-18 23:29:04.506  INFO 22984 --- [main] s.b.c.e.t.TomcatEmbeddedServletContainer : Tomcat initialized with port(s): 5000 (http)
2018-10-18 23:29:04.516  INFO 22984 --- [main] o.apache.catalina.core.StandardService   : Starting service Tomcat
2018-10-18 23:29:04.518  INFO 22984 --- [main] org.apache.catalina.core.StandardEngine  : Starting Servlet Engine: Apache Tomcat/8.5.11
2018-10-18 23:29:04.644  INFO 22984 --- [localhost-startStop-1] o.a.c.c.C.[Tomcat].[localhost].[/]       : Initializing Spring embedded WebApplicationContext
2018-10-18 23:29:04.645  INFO 22984 --- [localhost-startStop-1] o.s.web.context.ContextLoader            : Root WebApplicationContext: initialization completed in 1670 ms
2018-10-18 23:29:05.032  WARN 22984 --- [localhost-startStop-1] c.n.c.sources.URLConfigurationSource     : No URLs will be polled as dynamic configuration sources.
2018-10-18 23:29:05.033  INFO 22984 --- [localhost-startStop-1] c.n.c.sources.URLConfigurationSource     : To enable URLs as dynamic configuration sources, define System property archaius.configurationSource.additionalUrls or make config.properties available on classpath.
2018-10-18 23:29:05.043  INFO 22984 --- [localhost-startStop-1] c.netflix.config.DynamicPropertyFactory  : DynamicPropertyFactory is initialized with configuration sources: com.netflix.config.ConcurrentCompositeConfiguration@3889e10
2018-10-18 23:29:05.671  INFO 22984 --- [localhost-startStop-1] o.s.b.w.servlet.ServletRegistrationBean  : Mapping servlet: 'dispatcherServlet' to [/]
2018-10-18 23:29:05.672  INFO 22984 --- [localhost-startStop-1] o.s.b.w.servlet.ServletRegistrationBean  : Mapping servlet: 'zuulServlet' to [/zuul/*]
2018-10-18 23:29:05.677  INFO 22984 --- [localhost-startStop-1] o.s.b.w.servlet.FilterRegistrationBean   : Mapping filter: 'metricsFilter' to: [/*]
2018-10-18 23:29:05.677  INFO 22984 --- [localhost-startStop-1] o.s.b.w.servlet.FilterRegistrationBean   : Mapping filter: 'characterEncodingFilter' to: [/*]
2018-10-18 23:29:05.678  INFO 22984 --- [localhost-startStop-1] o.s.b.w.servlet.FilterRegistrationBean   : Mapping filter: 'hiddenHttpMethodFilter' to: [/*]
2018-10-18 23:29:05.678  INFO 22984 --- [localhost-startStop-1] o.s.b.w.servlet.FilterRegistrationBean   : Mapping filter: 'httpPutFormContentFilter' to: [/*]
2018-10-18 23:29:05.678  INFO 22984 --- [localhost-startStop-1] o.s.b.w.servlet.FilterRegistrationBean   : Mapping filter: 'requestContextFilter' to: [/*]
2018-10-18 23:29:05.678  INFO 22984 --- [localhost-startStop-1] o.s.b.w.servlet.FilterRegistrationBean   : Mapping filter: 'webRequestLoggingFilter' to: [/*]
2018-10-18 23:29:05.678  INFO 22984 --- [localhost-startStop-1] o.s.b.w.servlet.FilterRegistrationBean   : Mapping filter: 'applicationContextIdFilter' to: [/*]
2018-10-18 23:29:05.695  INFO 22984 --- [localhost-startStop-1] o.s.c.n.zuul.ZuulFilterInitializer       : Starting filter initializer context listener
2018-10-18 23:29:06.982  INFO 22984 --- [main] o.a.c.c.C.[Tomcat].[localhost].[/]       : jolokia: No access restrictor found, access to any MBean is allowed
2018-10-18 23:29:07.177  INFO 22984 --- [main] s.w.s.m.m.a.RequestMappingHandlerAdapter : Looking for @ControllerAdvice: org.springframework.boot.context.embedded.AnnotationConfigEmbeddedWebApplicationContext@2d6764b2: startup date [Thu Oct 18 23:29:02 CST 2018]; parent: org.springframework.context.annotation.AnnotationConfigApplicationContext@6302bbb1
2018-10-18 23:29:07.284  INFO 22984 --- [main] s.w.s.m.m.a.RequestMappingHandlerMapping : Mapped "{[/error]}" onto public org.springframework.http.ResponseEntity<java.util.Map<java.lang.String, java.lang.Object>> org.springframework.boot.autoconfigure.web.BasicErrorController.error(javax.servlet.http.HttpServletRequest)
2018-10-18 23:29:07.285  INFO 22984 --- [main] s.w.s.m.m.a.RequestMappingHandlerMapping : Mapped "{[/error],produces=[text/html]}" onto public org.springframework.web.servlet.ModelAndView org.springframework.boot.autoconfigure.web.BasicErrorController.errorHtml(javax.servlet.http.HttpServletRequest,javax.servlet.http.HttpServletResponse)
2018-10-18 23:29:07.293  INFO 22984 --- [main] s.w.s.m.m.a.RequestMappingHandlerMapping : Mapped "{[/api/applications/{id}],methods=[GET]}" onto public org.springframework.http.ResponseEntity<?> de.codecentric.boot.admin.registry.web.RegistryController.get(java.lang.String)
2018-10-18 23:29:07.294  INFO 22984 --- [main] s.w.s.m.m.a.RequestMappingHandlerMapping : Mapped "{[/api/applications],methods=[POST]}" onto public org.springframework.http.ResponseEntity<de.codecentric.boot.admin.model.Application> de.codecentric.boot.admin.registry.web.RegistryController.register(de.codecentric.boot.admin.model.Application)
2018-10-18 23:29:07.295  INFO 22984 --- [main] s.w.s.m.m.a.RequestMappingHandlerMapping : Mapped "{[/api/applications/{id}],methods=[DELETE]}" onto public org.springframework.http.ResponseEntity<?> de.codecentric.boot.admin.registry.web.RegistryController.unregister(java.lang.String)
2018-10-18 23:29:07.295  INFO 22984 --- [main] s.w.s.m.m.a.RequestMappingHandlerMapping : Mapped "{[/api/applications],methods=[GET]}" onto public java.util.Collection<de.codecentric.boot.admin.model.Application> de.codecentric.boot.admin.registry.web.RegistryController.applications(java.lang.String)
2018-10-18 23:29:07.298  INFO 22984 --- [main] s.w.s.m.m.a.RequestMappingHandlerMapping : Mapped "{[/api/journal],produces=[text/event-stream]}" onto public org.springframework.web.servlet.mvc.method.annotation.SseEmitter de.codecentric.boot.admin.journal.web.JournalController.getJournalEvents()
2018-10-18 23:29:07.300  INFO 22984 --- [main] s.w.s.m.m.a.RequestMappingHandlerMapping : Mapped "{[/api/journal],produces=[application/json]}" onto public java.util.Collection<de.codecentric.boot.admin.event.ClientApplicationEvent> de.codecentric.boot.admin.journal.web.JournalController.getJournal()
2018-10-18 23:29:07.341  INFO 22984 --- [main] o.s.w.s.handler.SimpleUrlHandlerMapping  : Root mapping to handler of type [class org.springframework.web.servlet.mvc.ParameterizableViewController]
2018-10-18 23:29:07.381  WARN 22984 --- [main] o.s.w.s.r.ResourceHttpRequestHandler     : Locations list is empty. No resources will be served unless a custom ResourceResolver is configured as an alternative to PathResourceResolver.
2018-10-18 23:29:07.382  WARN 22984 --- [main] o.s.w.s.r.ResourceHttpRequestHandler     : Locations list is empty. No resources will be served unless a custom ResourceResolver is configured as an alternative to PathResourceResolver.
2018-10-18 23:29:07.384  INFO 22984 --- [main] o.s.w.s.handler.SimpleUrlHandlerMapping  : Mapped URL path [/webjars/**] onto handler of type [class org.springframework.web.servlet.resource.ResourceHttpRequestHandler]
2018-10-18 23:29:07.384  INFO 22984 --- [main] o.s.w.s.handler.SimpleUrlHandlerMapping  : Mapped URL path [/**] onto handler of type [class org.springframework.web.servlet.resource.ResourceHttpRequestHandler]
2018-10-18 23:29:07.385  INFO 22984 --- [main] o.s.w.s.handler.SimpleUrlHandlerMapping  : Mapped URL path [/all-modules.css] onto handler of type [class org.springframework.web.servlet.resource.ResourceHttpRequestHandler]
2018-10-18 23:29:07.385  INFO 22984 --- [main] o.s.w.s.handler.SimpleUrlHandlerMapping  : Mapped URL path [/all-modules.js] onto handler of type [class org.springframework.web.servlet.resource.ResourceHttpRequestHandler]
2018-10-18 23:29:07.437  INFO 22984 --- [main] o.s.w.s.handler.SimpleUrlHandlerMapping  : Mapped URL path [/**/favicon.ico] onto handler of type [class org.springframework.web.servlet.resource.ResourceHttpRequestHandler]
2018-10-18 23:29:08.074  INFO 22984 --- [main] o.s.b.a.e.mvc.EndpointHandlerMapping     : Mapped "{[/archaius || /archaius.json],methods=[GET],produces=[application/vnd.spring-boot.actuator.v1+json || application/json]}" onto public java.lang.Object org.springframework.boot.actuate.endpoint.mvc.EndpointMvcAdapter.invoke()
2018-10-18 23:29:08.075  INFO 22984 --- [main] o.s.b.a.e.mvc.EndpointHandlerMapping     : Mapped "{[/pause || /pause.json],methods=[POST]}" onto public java.lang.Object org.springframework.cloud.endpoint.GenericPostableMvcEndpoint.invoke()
2018-10-18 23:29:08.076  INFO 22984 --- [main] o.s.b.a.e.mvc.EndpointHandlerMapping     : Mapped "{[/heapdump || /heapdump.json],methods=[GET],produces=[application/octet-stream]}" onto public void org.springframework.boot.actuate.endpoint.mvc.HeapdumpMvcEndpoint.invoke(boolean,javax.servlet.http.HttpServletRequest,javax.servlet.http.HttpServletResponse) throws java.io.IOException,javax.servlet.ServletException
2018-10-18 23:29:08.076  INFO 22984 --- [main] o.s.b.a.e.mvc.EndpointHandlerMapping     : Mapped "{[/logfile || /logfile.json],methods=[GET || HEAD]}" onto public void org.springframework.boot.actuate.endpoint.mvc.LogFileMvcEndpoint.invoke(javax.servlet.http.HttpServletRequest,javax.servlet.http.HttpServletResponse) throws javax.servlet.ServletException,java.io.IOException
2018-10-18 23:29:08.078  INFO 22984 --- [main] o.s.b.a.e.mvc.EndpointHandlerMapping     : Mapped "{[/refresh || /refresh.json],methods=[POST]}" onto public java.lang.Object org.springframework.cloud.endpoint.GenericPostableMvcEndpoint.invoke()
2018-10-18 23:29:08.079  INFO 22984 --- [main] o.s.b.a.e.mvc.EndpointHandlerMapping     : Mapped "{[/service-registry/instance-status],methods=[GET]}" onto public org.springframework.http.ResponseEntity org.springframework.cloud.client.serviceregistry.endpoint.ServiceRegistryEndpoint.getStatus()
2018-10-18 23:29:08.079  INFO 22984 --- [main] o.s.b.a.e.mvc.EndpointHandlerMapping     : Mapped "{[/service-registry/instance-status],methods=[POST]}" onto public org.springframework.http.ResponseEntity<?> org.springframework.cloud.client.serviceregistry.endpoint.ServiceRegistryEndpoint.setStatus(java.lang.String)
2018-10-18 23:29:08.080  INFO 22984 --- [main] o.s.b.a.e.mvc.EndpointHandlerMapping     : Mapped "{[/trace || /trace.json],methods=[GET],produces=[application/vnd.spring-boot.actuator.v1+json || application/json]}" onto public java.lang.Object org.springframework.boot.actuate.endpoint.mvc.EndpointMvcAdapter.invoke()
2018-10-18 23:29:08.080  INFO 22984 --- [main] o.s.b.a.e.mvc.EndpointHandlerMapping     : Mapped "{[/configprops || /configprops.json],methods=[GET],produces=[application/vnd.spring-boot.actuator.v1+json || application/json]}" onto public java.lang.Object org.springframework.boot.actuate.endpoint.mvc.EndpointMvcAdapter.invoke()
2018-10-18 23:29:08.082  INFO 22984 --- [main] o.s.b.a.e.mvc.EndpointHandlerMapping     : Mapped "{[/env],methods=[POST]}" onto public java.lang.Object org.springframework.cloud.context.environment.EnvironmentManagerMvcEndpoint.value(java.util.Map<java.lang.String, java.lang.String>)
2018-10-18 23:29:08.082  INFO 22984 --- [main] o.s.b.a.e.mvc.EndpointHandlerMapping     : Mapped "{[/env/reset],methods=[POST]}" onto public java.util.Map<java.lang.String, java.lang.Object> org.springframework.cloud.context.environment.EnvironmentManagerMvcEndpoint.reset()
2018-10-18 23:29:08.084  INFO 22984 --- [main] o.s.b.a.e.mvc.EndpointHandlerMapping     : Mapped "{[/info || /info.json],methods=[GET],produces=[application/vnd.spring-boot.actuator.v1+json || application/json]}" onto public java.lang.Object org.springframework.boot.actuate.endpoint.mvc.EndpointMvcAdapter.invoke()
2018-10-18 23:29:08.085  INFO 22984 --- [main] o.s.b.a.e.mvc.EndpointHandlerMapping     : Mapped "{[/dump || /dump.json],methods=[GET],produces=[application/vnd.spring-boot.actuator.v1+json || application/json]}" onto public java.lang.Object org.springframework.boot.actuate.endpoint.mvc.EndpointMvcAdapter.invoke()
2018-10-18 23:29:08.086  INFO 22984 --- [main] o.s.b.a.e.mvc.EndpointHandlerMapping     : Mapped "{[/restart || /restart.json],methods=[POST]}" onto public java.lang.Object org.springframework.cloud.context.restart.RestartMvcEndpoint.invoke()
2018-10-18 23:29:08.087  INFO 22984 --- [main] o.s.b.a.e.mvc.EndpointHandlerMapping     : Mapped "{[/resume || /resume.json],methods=[POST]}" onto public java.lang.Object org.springframework.cloud.endpoint.GenericPostableMvcEndpoint.invoke()
2018-10-18 23:29:08.088  INFO 22984 --- [main] o.s.b.a.e.mvc.EndpointHandlerMapping     : Mapped "{[/env/{name:.*}],methods=[GET],produces=[application/vnd.spring-boot.actuator.v1+json || application/json]}" onto public java.lang.Object org.springframework.boot.actuate.endpoint.mvc.EnvironmentMvcEndpoint.value(java.lang.String)
2018-10-18 23:29:08.088  INFO 22984 --- [main] o.s.b.a.e.mvc.EndpointHandlerMapping     : Mapped "{[/env || /env.json],methods=[GET],produces=[application/vnd.spring-boot.actuator.v1+json || application/json]}" onto public java.lang.Object org.springframework.boot.actuate.endpoint.mvc.EndpointMvcAdapter.invoke()
2018-10-18 23:29:08.089  INFO 22984 --- [main] o.s.b.a.e.mvc.EndpointHandlerMapping     : Mapped "{[/jolokia/**]}" onto public org.springframework.web.servlet.ModelAndView org.springframework.boot.actuate.endpoint.mvc.JolokiaMvcEndpoint.handle(javax.servlet.http.HttpServletRequest,javax.servlet.http.HttpServletResponse) throws java.lang.Exception
2018-10-18 23:29:08.091  INFO 22984 --- [main] o.s.b.a.e.mvc.EndpointHandlerMapping     : Mapped "{[/metrics/{name:.*}],methods=[GET],produces=[application/vnd.spring-boot.actuator.v1+json || application/json]}" onto public java.lang.Object org.springframework.boot.actuate.endpoint.mvc.MetricsMvcEndpoint.value(java.lang.String)
2018-10-18 23:29:08.092  INFO 22984 --- [main] o.s.b.a.e.mvc.EndpointHandlerMapping     : Mapped "{[/metrics || /metrics.json],methods=[GET],produces=[application/vnd.spring-boot.actuator.v1+json || application/json]}" onto public java.lang.Object org.springframework.boot.actuate.endpoint.mvc.EndpointMvcAdapter.invoke()
2018-10-18 23:29:08.093  INFO 22984 --- [main] o.s.b.a.e.mvc.EndpointHandlerMapping     : Mapped "{[/autoconfig || /autoconfig.json],methods=[GET],produces=[application/vnd.spring-boot.actuator.v1+json || application/json]}" onto public java.lang.Object org.springframework.boot.actuate.endpoint.mvc.EndpointMvcAdapter.invoke()
2018-10-18 23:29:08.095  INFO 22984 --- [main] o.s.b.a.e.mvc.EndpointHandlerMapping     : Mapped "{[/loggers/{name:.*}],methods=[GET],produces=[application/vnd.spring-boot.actuator.v1+json || application/json]}" onto public java.lang.Object org.springframework.boot.actuate.endpoint.mvc.LoggersMvcEndpoint.get(java.lang.String)
2018-10-18 23:29:08.096  INFO 22984 --- [main] o.s.b.a.e.mvc.EndpointHandlerMapping     : Mapped "{[/loggers/{name:.*}],methods=[POST],consumes=[application/vnd.spring-boot.actuator.v1+json || application/json],produces=[application/vnd.spring-boot.actuator.v1+json || application/json]}" onto public java.lang.Object org.springframework.boot.actuate.endpoint.mvc.LoggersMvcEndpoint.set(java.lang.String,java.util.Map<java.lang.String, java.lang.String>)
2018-10-18 23:29:08.097  INFO 22984 --- [main] o.s.b.a.e.mvc.EndpointHandlerMapping     : Mapped "{[/loggers || /loggers.json],methods=[GET],produces=[application/vnd.spring-boot.actuator.v1+json || application/json]}" onto public java.lang.Object org.springframework.boot.actuate.endpoint.mvc.EndpointMvcAdapter.invoke()
2018-10-18 23:29:08.098  INFO 22984 --- [main] o.s.b.a.e.mvc.EndpointHandlerMapping     : Mapped "{[/mappings || /mappings.json],methods=[GET],produces=[application/vnd.spring-boot.actuator.v1+json || application/json]}" onto public java.lang.Object org.springframework.boot.actuate.endpoint.mvc.EndpointMvcAdapter.invoke()
2018-10-18 23:29:08.099  INFO 22984 --- [main] o.s.b.a.e.mvc.EndpointHandlerMapping     : Mapped "{[/auditevents || /auditevents.json],methods=[GET],produces=[application/vnd.spring-boot.actuator.v1+json || application/json]}" onto public org.springframework.http.ResponseEntity<?> org.springframework.boot.actuate.endpoint.mvc.AuditEventsMvcEndpoint.findByPrincipalAndAfterAndType(java.lang.String,java.util.Date,java.lang.String)
2018-10-18 23:29:08.099  INFO 22984 --- [main] o.s.b.a.e.mvc.EndpointHandlerMapping     : Mapped "{[/features || /features.json],methods=[GET],produces=[application/vnd.spring-boot.actuator.v1+json || application/json]}" onto public java.lang.Object org.springframework.boot.actuate.endpoint.mvc.EndpointMvcAdapter.invoke()
2018-10-18 23:29:08.100  INFO 22984 --- [main] o.s.b.a.e.mvc.EndpointHandlerMapping     : Mapped "{[/beans || /beans.json],methods=[GET],produces=[application/vnd.spring-boot.actuator.v1+json || application/json]}" onto public java.lang.Object org.springframework.boot.actuate.endpoint.mvc.EndpointMvcAdapter.invoke()
2018-10-18 23:29:08.101  INFO 22984 --- [main] o.s.b.a.e.mvc.EndpointHandlerMapping     : Mapped "{[/routes || /routes.json],methods=[GET],produces=[application/vnd.spring-boot.actuator.v1+json || application/json]}" onto public java.lang.Object org.springframework.boot.actuate.endpoint.mvc.EndpointMvcAdapter.invoke()
2018-10-18 23:29:08.102  INFO 22984 --- [main] o.s.b.a.e.mvc.EndpointHandlerMapping     : Mapped "{[/health || /health.json],methods=[GET],produces=[application/vnd.spring-boot.actuator.v1+json || application/json]}" onto public java.lang.Object org.springframework.boot.actuate.endpoint.mvc.HealthMvcEndpoint.invoke(javax.servlet.http.HttpServletRequest,java.security.Principal)
2018-10-18 23:29:08.241  WARN 22984 --- [main] c.n.c.sources.URLConfigurationSource     : No URLs will be polled as dynamic configuration sources.
2018-10-18 23:29:08.242  INFO 22984 --- [main] c.n.c.sources.URLConfigurationSource     : To enable URLs as dynamic configuration sources, define System property archaius.configurationSource.additionalUrls or make config.properties available on classpath.
2018-10-18 23:29:08.300  INFO 22984 --- [main] o.s.s.c.ThreadPoolTaskScheduler          : Initializing ExecutorService  'updateTaskScheduler'
2018-10-18 23:29:08.329  INFO 22984 --- [main] d.c.boot.admin.web.PrefixHandlerMapping  : Mapped "{[/api/applications/{id}],methods=[GET]}" onto public org.springframework.http.ResponseEntity<?> de.codecentric.boot.admin.registry.web.RegistryController.get(java.lang.String)
2018-10-18 23:29:08.329  INFO 22984 --- [main] d.c.boot.admin.web.PrefixHandlerMapping  : Mapped "{[/api/applications],methods=[POST]}" onto public org.springframework.http.ResponseEntity<de.codecentric.boot.admin.model.Application> de.codecentric.boot.admin.registry.web.RegistryController.register(de.codecentric.boot.admin.model.Application)
2018-10-18 23:29:08.330  INFO 22984 --- [main] d.c.boot.admin.web.PrefixHandlerMapping  : Mapped "{[/api/applications/{id}],methods=[DELETE]}" onto public org.springframework.http.ResponseEntity<?> de.codecentric.boot.admin.registry.web.RegistryController.unregister(java.lang.String)
2018-10-18 23:29:08.331  INFO 22984 --- [main] d.c.boot.admin.web.PrefixHandlerMapping  : Mapped "{[/api/applications],methods=[GET]}" onto public java.util.Collection<de.codecentric.boot.admin.model.Application> de.codecentric.boot.admin.registry.web.RegistryController.applications(java.lang.String)
2018-10-18 23:29:08.332  INFO 22984 --- [main] d.c.boot.admin.web.PrefixHandlerMapping  : Mapped "{[/api/journal],produces=[text/event-stream]}" onto public org.springframework.web.servlet.mvc.method.annotation.SseEmitter de.codecentric.boot.admin.journal.web.JournalController.getJournalEvents()
2018-10-18 23:29:08.332  INFO 22984 --- [main] d.c.boot.admin.web.PrefixHandlerMapping  : Mapped "{[/api/journal],produces=[application/json]}" onto public java.util.Collection<de.codecentric.boot.admin.event.ClientApplicationEvent> de.codecentric.boot.admin.journal.web.JournalController.getJournal()
2018-10-18 23:29:08.429  INFO 22984 --- [main] o.s.j.e.a.AnnotationMBeanExporter        : Registering beans for JMX exposure on startup
2018-10-18 23:29:08.438  INFO 22984 --- [main] o.s.j.e.a.AnnotationMBeanExporter        : Bean with name 'environmentManager' has been autodetected for JMX exposure
2018-10-18 23:29:08.441  INFO 22984 --- [main] o.s.j.e.a.AnnotationMBeanExporter        : Bean with name 'configurationPropertiesRebinder' has been autodetected for JMX exposure
2018-10-18 23:29:08.443  INFO 22984 --- [main] o.s.j.e.a.AnnotationMBeanExporter        : Bean with name 'refreshEndpoint' has been autodetected for JMX exposure
2018-10-18 23:29:08.443  INFO 22984 --- [main] o.s.j.e.a.AnnotationMBeanExporter        : Bean with name 'restartEndpoint' has been autodetected for JMX exposure
2018-10-18 23:29:08.444  INFO 22984 --- [main] o.s.j.e.a.AnnotationMBeanExporter        : Bean with name 'serviceRegistryEndpoint' has been autodetected for JMX exposure
2018-10-18 23:29:08.445  INFO 22984 --- [main] o.s.j.e.a.AnnotationMBeanExporter        : Bean with name 'zuulEndpoint' has been autodetected for JMX exposure
2018-10-18 23:29:08.446  INFO 22984 --- [main] o.s.j.e.a.AnnotationMBeanExporter        : Bean with name 'refreshScope' has been autodetected for JMX exposure
2018-10-18 23:29:08.448  INFO 22984 --- [main] o.s.j.e.a.AnnotationMBeanExporter        : Located managed bean 'environmentManager': registering with JMX server as MBean [org.springframework.cloud.context.environment:name=environmentManager,type=EnvironmentManager]
2018-10-18 23:29:08.461  INFO 22984 --- [main] o.s.j.e.a.AnnotationMBeanExporter        : Located managed bean 'restartEndpoint': registering with JMX server as MBean [org.springframework.cloud.context.restart:name=restartEndpoint,type=RestartEndpoint]
2018-10-18 23:29:08.473  INFO 22984 --- [main] o.s.j.e.a.AnnotationMBeanExporter        : Located managed bean 'serviceRegistryEndpoint': registering with JMX server as MBean [org.springframework.cloud.client.serviceregistry.endpoint:name=serviceRegistryEndpoint,type=ServiceRegistryEndpoint]
2018-10-18 23:29:08.486  INFO 22984 --- [main] o.s.j.e.a.AnnotationMBeanExporter        : Located managed bean 'refreshScope': registering with JMX server as MBean [org.springframework.cloud.context.scope.refresh:name=refreshScope,type=RefreshScope]
2018-10-18 23:29:08.496  INFO 22984 --- [main] o.s.j.e.a.AnnotationMBeanExporter        : Located managed bean 'zuulEndpoint': registering with JMX server as MBean [org.springframework.cloud.netflix.zuul:name=zuulEndpoint,type=RoutesEndpoint]
2018-10-18 23:29:08.497  WARN 22984 --- [main] o.s.j.e.a.AnnotationMBeanExporter        : Bean with key 'zuulEndpoint' has been registered as an MBean but has no exposed attributes or operations
2018-10-18 23:29:08.499  INFO 22984 --- [main] o.s.j.e.a.AnnotationMBeanExporter        : Located managed bean 'configurationPropertiesRebinder': registering with JMX server as MBean [org.springframework.cloud.context.properties:name=configurationPropertiesRebinder,context=2d6764b2,type=ConfigurationPropertiesRebinder]
2018-10-18 23:29:08.503  INFO 22984 --- [main] o.s.j.e.a.AnnotationMBeanExporter        : Located managed bean 'refreshEndpoint': registering with JMX server as MBean [org.springframework.cloud.endpoint:name=refreshEndpoint,type=RefreshEndpoint]
2018-10-18 23:29:08.896  INFO 22984 --- [main] o.a.c.c.C.[Tomcat].[localhost].[/]       : jolokia: No access restrictor found, access to any MBean is allowed
2018-10-18 23:29:08.900  INFO 22984 --- [main] o.a.c.c.C.[Tomcat].[localhost].[/]       : jolokia: jolokia:type=Config is already registered. Adding it with jolokia:type=Config,uuid=e185726b-e720-4bf3-b76a-266d8ca7ac6a, but you should revise your setup in order to either use a qualifier or ensure, that only a single agent gets registered (otherwise history functionality might not work)
2018-10-18 23:29:08.901  INFO 22984 --- [main] o.a.c.c.C.[Tomcat].[localhost].[/]       : jolokia: Cannot register (legacy) MBean handler for config store with name jmx4perl:type=Config since it already exists. This is the case if another agent has been already started within the same JVM. The registration is skipped.
2018-10-18 23:29:08.901  INFO 22984 --- [main] o.a.c.c.C.[Tomcat].[localhost].[/]       : jolokia: Jolokia Discovery MBean registration is skipped because there is already one registered.
2018-10-18 23:29:08.945  INFO 22984 --- [main] o.s.c.support.DefaultLifecycleProcessor  : Starting beans in phase 0
2018-10-18 23:29:08.953  INFO 22984 --- [main] o.s.c.n.eureka.InstanceInfoFactory       : Setting initial instance status as: STARTING
2018-10-18 23:29:09.004  INFO 22984 --- [main] com.netflix.discovery.DiscoveryClient    : Initializing Eureka in region us-east-1
2018-10-18 23:29:09.114  INFO 22984 --- [main] c.n.d.provider.DiscoveryJerseyProvider   : Using JSON encoding codec LegacyJacksonJson
2018-10-18 23:29:09.114  INFO 22984 --- [main] c.n.d.provider.DiscoveryJerseyProvider   : Using JSON decoding codec LegacyJacksonJson
2018-10-18 23:29:09.225  INFO 22984 --- [main] c.n.d.provider.DiscoveryJerseyProvider   : Using XML encoding codec XStreamXml
2018-10-18 23:29:09.225  INFO 22984 --- [main] c.n.d.provider.DiscoveryJerseyProvider   : Using XML decoding codec XStreamXml
2018-10-18 23:29:09.374  INFO 22984 --- [main] c.n.d.s.r.aws.ConfigClusterResolver      : Resolving eureka endpoints via configuration
2018-10-18 23:29:09.665  INFO 22984 --- [main] com.netflix.discovery.DiscoveryClient    : Disable delta property : false
2018-10-18 23:29:09.665  INFO 22984 --- [main] com.netflix.discovery.DiscoveryClient    : Single vip registry refresh property : null
2018-10-18 23:29:09.665  INFO 22984 --- [main] com.netflix.discovery.DiscoveryClient    : Force full registry fetch : false
2018-10-18 23:29:09.665  INFO 22984 --- [main] com.netflix.discovery.DiscoveryClient    : Application is null : false
2018-10-18 23:29:09.666  INFO 22984 --- [main] com.netflix.discovery.DiscoveryClient    : Registered Applications size is zero : true
2018-10-18 23:29:09.666  INFO 22984 --- [main] com.netflix.discovery.DiscoveryClient    : Application version is -1: true
2018-10-18 23:29:09.666  INFO 22984 --- [main] com.netflix.discovery.DiscoveryClient    : Getting all instance registry info from the eureka server
2018-10-18 23:29:09.817  INFO 22984 --- [main] com.netflix.discovery.DiscoveryClient    : The response status is 200
2018-10-18 23:29:09.819  INFO 22984 --- [main] com.netflix.discovery.DiscoveryClient    : Starting heartbeat executor: renew interval is: 30
2018-10-18 23:29:09.822  INFO 22984 --- [main] c.n.discovery.InstanceInfoReplicator     : InstanceInfoReplicator onDemand update allowed rate per min is 4
2018-10-18 23:29:09.825  INFO 22984 --- [main] com.netflix.discovery.DiscoveryClient    : Discovery Client initialized at timestamp 1539876549825 with initial instances count: 1
2018-10-18 23:29:09.858  INFO 22984 --- [main] o.s.c.n.e.s.EurekaServiceRegistry        : Registering application service-admin with eureka with status UP
2018-10-18 23:29:09.860  INFO 22984 --- [main] com.netflix.discovery.DiscoveryClient    : Saw local status change event StatusChangeEvent [timestamp=1539876549859, current=UP, previous=STARTING]
2018-10-18 23:29:09.870  INFO 22984 --- [DiscoveryClient-InstanceInfoReplicator-0] com.netflix.discovery.DiscoveryClient    : DiscoveryClient_SERVICE-ADMIN/LENOVO-LEGION:service-admin:5000: registering service...
2018-10-18 23:29:09.951  INFO 22984 --- [DiscoveryClient-InstanceInfoReplicator-0] com.netflix.discovery.DiscoveryClient    : DiscoveryClient_SERVICE-ADMIN/LENOVO-LEGION:service-admin:5000 - registration status: 204
2018-10-18 23:29:09.963  INFO 22984 --- [main] d.c.b.a.registry.ApplicationRegistry     : New Application Application [id=3486bd63, name=EUREKA-CLIENT-ONE, managementUrl=http://LENOVO-LEGION:8762, healthUrl=http://LENOVO-LEGION:8762/health, serviceUrl=http://LENOVO-LEGION:8762] registered 
2018-10-18 23:29:10.209  INFO 22984 --- [main] s.b.c.e.t.TomcatEmbeddedServletContainer : Tomcat started on port(s): 5000 (http)
2018-10-18 23:29:10.215  INFO 22984 --- [main] .s.c.n.e.s.EurekaAutoServiceRegistration : Updating port to 5000
2018-10-18 23:29:10.219  INFO 22984 --- [main] com.froad.Application                    : Started Application in 9.328 seconds (JVM running for 9.789)
2018-10-18 23:29:39.830  INFO 22984 --- [DiscoveryClient-CacheRefreshExecutor-0] d.c.b.a.registry.ApplicationRegistry     : New Application Application [id=f8550c3c, name=SERVICE-ADMIN, managementUrl=http://LENOVO-LEGION:5000, healthUrl=http://LENOVO-LEGION:5000/health, serviceUrl=http://LENOVO-LEGION:5000] registered 
2018-10-18 23:29:39.891  INFO 22984 --- [http-nio-5000-exec-1] o.a.c.c.C.[Tomcat].[localhost].[/]       : Initializing Spring FrameworkServlet 'dispatcherServlet'
2018-10-18 23:29:39.891  INFO 22984 --- [http-nio-5000-exec-1] o.s.web.servlet.DispatcherServlet        : FrameworkServlet 'dispatcherServlet': initialization started
2018-10-18 23:29:39.913  INFO 22984 --- [http-nio-5000-exec-1] o.s.web.servlet.DispatcherServlet        : FrameworkServlet 'dispatcherServlet': initialization completed in 22 ms
2018-10-18 23:29:39.931  INFO 22984 --- [http-nio-5000-exec-1] o.s.c.n.zuul.web.ZuulHandlerMapping      : Mapped URL path [/api/applications/f8550c3c/health/**] onto handler of type [class de.codecentric.boot.admin.zuul.OptionsDispatchingZuulController]
2018-10-18 23:29:39.931  INFO 22984 --- [http-nio-5000-exec-1] o.s.c.n.zuul.web.ZuulHandlerMapping      : Mapped URL path [/api/applications/f8550c3c/env/**] onto handler of type [class de.codecentric.boot.admin.zuul.OptionsDispatchingZuulController]
2018-10-18 23:29:39.931  INFO 22984 --- [http-nio-5000-exec-1] o.s.c.n.zuul.web.ZuulHandlerMapping      : Mapped URL path [/api/applications/f8550c3c/metrics/**] onto handler of type [class de.codecentric.boot.admin.zuul.OptionsDispatchingZuulController]
2018-10-18 23:29:39.931  INFO 22984 --- [http-nio-5000-exec-1] o.s.c.n.zuul.web.ZuulHandlerMapping      : Mapped URL path [/api/applications/f8550c3c/dump/**] onto handler of type [class de.codecentric.boot.admin.zuul.OptionsDispatchingZuulController]
2018-10-18 23:29:39.932  INFO 22984 --- [http-nio-5000-exec-1] o.s.c.n.zuul.web.ZuulHandlerMapping      : Mapped URL path [/api/applications/f8550c3c/jolokia/**] onto handler of type [class de.codecentric.boot.admin.zuul.OptionsDispatchingZuulController]
2018-10-18 23:29:39.933  INFO 22984 --- [http-nio-5000-exec-1] o.s.c.n.zuul.web.ZuulHandlerMapping      : Mapped URL path [/api/applications/f8550c3c/info/**] onto handler of type [class de.codecentric.boot.admin.zuul.OptionsDispatchingZuulController]
2018-10-18 23:29:39.933  INFO 22984 --- [http-nio-5000-exec-1] o.s.c.n.zuul.web.ZuulHandlerMapping      : Mapped URL path [/api/applications/f8550c3c/configprops/**] onto handler of type [class de.codecentric.boot.admin.zuul.OptionsDispatchingZuulController]
2018-10-18 23:29:39.933  INFO 22984 --- [http-nio-5000-exec-1] o.s.c.n.zuul.web.ZuulHandlerMapping      : Mapped URL path [/api/applications/f8550c3c/trace/**] onto handler of type [class de.codecentric.boot.admin.zuul.OptionsDispatchingZuulController]
2018-10-18 23:29:39.934  INFO 22984 --- [http-nio-5000-exec-1] o.s.c.n.zuul.web.ZuulHandlerMapping      : Mapped URL path [/api/applications/f8550c3c/logfile/**] onto handler of type [class de.codecentric.boot.admin.zuul.OptionsDispatchingZuulController]
2018-10-18 23:29:39.934  INFO 22984 --- [http-nio-5000-exec-1] o.s.c.n.zuul.web.ZuulHandlerMapping      : Mapped URL path [/api/applications/f8550c3c/refresh/**] onto handler of type [class de.codecentric.boot.admin.zuul.OptionsDispatchingZuulController]
2018-10-18 23:29:39.934  INFO 22984 --- [http-nio-5000-exec-1] o.s.c.n.zuul.web.ZuulHandlerMapping      : Mapped URL path [/api/applications/f8550c3c/flyway/**] onto handler of type [class de.codecentric.boot.admin.zuul.OptionsDispatchingZuulController]
2018-10-18 23:29:39.935  INFO 22984 --- [http-nio-5000-exec-1] o.s.c.n.zuul.web.ZuulHandlerMapping      : Mapped URL path [/api/applications/f8550c3c/liquibase/**] onto handler of type [class de.codecentric.boot.admin.zuul.OptionsDispatchingZuulController]
2018-10-18 23:29:39.935  INFO 22984 --- [http-nio-5000-exec-1] o.s.c.n.zuul.web.ZuulHandlerMapping      : Mapped URL path [/api/applications/f8550c3c/heapdump/**] onto handler of type [class de.codecentric.boot.admin.zuul.OptionsDispatchingZuulController]
2018-10-18 23:29:39.935  INFO 22984 --- [http-nio-5000-exec-1] o.s.c.n.zuul.web.ZuulHandlerMapping      : Mapped URL path [/api/applications/f8550c3c/loggers/**] onto handler of type [class de.codecentric.boot.admin.zuul.OptionsDispatchingZuulController]
2018-10-18 23:29:39.935  INFO 22984 --- [http-nio-5000-exec-1] o.s.c.n.zuul.web.ZuulHandlerMapping      : Mapped URL path [/api/applications/f8550c3c/auditevents/**] onto handler of type [class de.codecentric.boot.admin.zuul.OptionsDispatchingZuulController]
2018-10-18 23:29:39.935  INFO 22984 --- [http-nio-5000-exec-1] o.s.c.n.zuul.web.ZuulHandlerMapping      : Mapped URL path [/api/applications/f8550c3c/hystrix.stream/**] onto handler of type [class de.codecentric.boot.admin.zuul.OptionsDispatchingZuulController]
2018-10-18 23:29:39.935  INFO 22984 --- [http-nio-5000-exec-1] o.s.c.n.zuul.web.ZuulHandlerMapping      : Mapped URL path [/api/applications/3486bd63/health/**] onto handler of type [class de.codecentric.boot.admin.zuul.OptionsDispatchingZuulController]
2018-10-18 23:29:39.935  INFO 22984 --- [http-nio-5000-exec-1] o.s.c.n.zuul.web.ZuulHandlerMapping      : Mapped URL path [/api/applications/3486bd63/env/**] onto handler of type [class de.codecentric.boot.admin.zuul.OptionsDispatchingZuulController]
2018-10-18 23:29:39.935  INFO 22984 --- [http-nio-5000-exec-1] o.s.c.n.zuul.web.ZuulHandlerMapping      : Mapped URL path [/api/applications/3486bd63/metrics/**] onto handler of type [class de.codecentric.boot.admin.zuul.OptionsDispatchingZuulController]
2018-10-18 23:29:39.935  INFO 22984 --- [http-nio-5000-exec-1] o.s.c.n.zuul.web.ZuulHandlerMapping      : Mapped URL path [/api/applications/3486bd63/dump/**] onto handler of type [class de.codecentric.boot.admin.zuul.OptionsDispatchingZuulController]
2018-10-18 23:29:39.935  INFO 22984 --- [http-nio-5000-exec-1] o.s.c.n.zuul.web.ZuulHandlerMapping      : Mapped URL path [/api/applications/3486bd63/jolokia/**] onto handler of type [class de.codecentric.boot.admin.zuul.OptionsDispatchingZuulController]
2018-10-18 23:29:39.935  INFO 22984 --- [http-nio-5000-exec-1] o.s.c.n.zuul.web.ZuulHandlerMapping      : Mapped URL path [/api/applications/3486bd63/info/**] onto handler of type [class de.codecentric.boot.admin.zuul.OptionsDispatchingZuulController]
2018-10-18 23:29:39.935  INFO 22984 --- [http-nio-5000-exec-1] o.s.c.n.zuul.web.ZuulHandlerMapping      : Mapped URL path [/api/applications/3486bd63/configprops/**] onto handler of type [class de.codecentric.boot.admin.zuul.OptionsDispatchingZuulController]
2018-10-18 23:29:39.935  INFO 22984 --- [http-nio-5000-exec-1] o.s.c.n.zuul.web.ZuulHandlerMapping      : Mapped URL path [/api/applications/3486bd63/trace/**] onto handler of type [class de.codecentric.boot.admin.zuul.OptionsDispatchingZuulController]
2018-10-18 23:29:39.935  INFO 22984 --- [http-nio-5000-exec-1] o.s.c.n.zuul.web.ZuulHandlerMapping      : Mapped URL path [/api/applications/3486bd63/logfile/**] onto handler of type [class de.codecentric.boot.admin.zuul.OptionsDispatchingZuulController]
2018-10-18 23:29:39.936  INFO 22984 --- [http-nio-5000-exec-1] o.s.c.n.zuul.web.ZuulHandlerMapping      : Mapped URL path [/api/applications/3486bd63/refresh/**] onto handler of type [class de.codecentric.boot.admin.zuul.OptionsDispatchingZuulController]
2018-10-18 23:29:39.936  INFO 22984 --- [http-nio-5000-exec-1] o.s.c.n.zuul.web.ZuulHandlerMapping      : Mapped URL path [/api/applications/3486bd63/flyway/**] onto handler of type [class de.codecentric.boot.admin.zuul.OptionsDispatchingZuulController]
2018-10-18 23:29:39.936  INFO 22984 --- [http-nio-5000-exec-1] o.s.c.n.zuul.web.ZuulHandlerMapping      : Mapped URL path [/api/applications/3486bd63/liquibase/**] onto handler of type [class de.codecentric.boot.admin.zuul.OptionsDispatchingZuulController]
2018-10-18 23:29:39.936  INFO 22984 --- [http-nio-5000-exec-1] o.s.c.n.zuul.web.ZuulHandlerMapping      : Mapped URL path [/api/applications/3486bd63/heapdump/**] onto handler of type [class de.codecentric.boot.admin.zuul.OptionsDispatchingZuulController]
2018-10-18 23:29:39.936  INFO 22984 --- [http-nio-5000-exec-1] o.s.c.n.zuul.web.ZuulHandlerMapping      : Mapped URL path [/api/applications/3486bd63/loggers/**] onto handler of type [class de.codecentric.boot.admin.zuul.OptionsDispatchingZuulController]
2018-10-18 23:29:39.936  INFO 22984 --- [http-nio-5000-exec-1] o.s.c.n.zuul.web.ZuulHandlerMapping      : Mapped URL path [/api/applications/3486bd63/auditevents/**] onto handler of type [class de.codecentric.boot.admin.zuul.OptionsDispatchingZuulController]
2018-10-18 23:29:39.936  INFO 22984 --- [http-nio-5000-exec-1] o.s.c.n.zuul.web.ZuulHandlerMapping      : Mapped URL path [/api/applications/3486bd63/hystrix.stream/**] onto handler of type [class de.codecentric.boot.admin.zuul.OptionsDispatchingZuulController]
2018-10-18 23:34:09.672  INFO 22984 --- [AsyncResolver-bootstrap-executor-0] c.n.d.s.r.aws.ConfigClusterResolver      : Resolving eureka endpoints via configuration
2018-10-18 23:39:09.674  INFO 22984 --- [AsyncResolver-bootstrap-executor-0] c.n.d.s.r.aws.ConfigClusterResolver      : Resolving eureka endpoints via configuration
2018-10-18 23:44:09.676  INFO 22984 --- [AsyncResolver-bootstrap-executor-0] c.n.d.s.r.aws.ConfigClusterResolver      : Resolving eureka endpoints via configuration
