2018-10-19 22:30:02.717  INFO 33320 --- [main] com.froad.Application                    : The following profiles are active: dev
2018-10-19 22:30:02.762  INFO 33320 --- [main] ationConfigEmbeddedWebApplicationContext : Refreshing org.springframework.boot.context.embedded.AnnotationConfigEmbeddedWebApplicationContext@305a0c5f: startup date [Fri Oct 19 22:30:02 CST 2018]; parent: org.springframework.context.annotation.AnnotationConfigApplicationContext@36ebc363
2018-10-19 22:30:03.755  INFO 33320 --- [main] o.s.b.f.s.DefaultListableBeanFactory     : Overriding bean definition for bean 'counterFactory' with a different definition: replacing [Root bean: class [null]; scope=; abstract=false; lazyInit=false; autowireMode=3; dependencyCheck=0; autowireCandidate=true; primary=false; factoryBeanName=org.springframework.cloud.netflix.zuul.ZuulConfiguration$ZuulMetricsConfiguration; factoryMethodName=counterFactory; initMethodName=null; destroyMethodName=(inferred); defined in class path resource [org/springframework/cloud/netflix/zuul/ZuulConfiguration$ZuulMetricsConfiguration.class]] with [Root bean: class [null]; scope=; abstract=false; lazyInit=false; autowireMode=3; dependencyCheck=0; autowireCandidate=true; primary=false; factoryBeanName=org.springframework.cloud.netflix.zuul.ZuulConfiguration$ZuulCounterFactoryConfiguration; factoryMethodName=counterFactory; initMethodName=null; destroyMethodName=(inferred); defined in class path resource [org/springframework/cloud/netflix/zuul/ZuulConfiguration$ZuulCounterFactoryConfiguration.class]]
2018-10-19 22:30:04.179  INFO 33320 --- [main] o.s.cloud.context.scope.GenericScope     : BeanFactory id=7760a8f0-8297-38ce-b519-170d5118f605
2018-10-19 22:30:04.197  INFO 33320 --- [main] f.a.AutowiredAnnotationBeanPostProcessor : JSR-330 'javax.inject.Inject' annotation found and supported for autowiring
2018-10-19 22:30:04.561  INFO 33320 --- [main] trationDelegate$BeanPostProcessorChecker : Bean 'org.springframework.cloud.netflix.metrics.MetricsInterceptorConfiguration$MetricsRestTemplateConfiguration' of type [org.springframework.cloud.netflix.metrics.MetricsInterceptorConfiguration$MetricsRestTemplateConfiguration$$EnhancerBySpringCGLIB$$cedfb632] is not eligible for getting processed by all BeanPostProcessors (for example: not eligible for auto-proxying)
2018-10-19 22:30:04.600  INFO 33320 --- [main] trationDelegate$BeanPostProcessorChecker : Bean 'org.springframework.cloud.autoconfigure.ConfigurationPropertiesRebinderAutoConfiguration' of type [org.springframework.cloud.autoconfigure.ConfigurationPropertiesRebinderAutoConfiguration$$EnhancerBySpringCGLIB$$b8cd12ee] is not eligible for getting processed by all BeanPostProcessors (for example: not eligible for auto-proxying)
2018-10-19 22:30:05.436  INFO 33320 --- [main] s.b.c.e.t.TomcatEmbeddedServletContainer : Tomcat initialized with port(s): 5000 (http)
2018-10-19 22:30:05.446  INFO 33320 --- [main] o.apache.catalina.core.StandardService   : Starting service Tomcat
2018-10-19 22:30:05.447  INFO 33320 --- [main] org.apache.catalina.core.StandardEngine  : Starting Servlet Engine: Apache Tomcat/8.5.11
2018-10-19 22:30:05.590  INFO 33320 --- [localhost-startStop-1] o.a.c.c.C.[Tomcat].[localhost].[/]       : Initializing Spring embedded WebApplicationContext
2018-10-19 22:30:05.591  INFO 33320 --- [localhost-startStop-1] o.s.web.context.ContextLoader            : Root WebApplicationContext: initialization completed in 2829 ms
2018-10-19 22:30:07.974  WARN 33320 --- [localhost-startStop-1] c.n.c.sources.URLConfigurationSource     : No URLs will be polled as dynamic configuration sources.
2018-10-19 22:30:07.975  INFO 33320 --- [localhost-startStop-1] c.n.c.sources.URLConfigurationSource     : To enable URLs as dynamic configuration sources, define System property archaius.configurationSource.additionalUrls or make config.properties available on classpath.
2018-10-19 22:30:07.981  INFO 33320 --- [localhost-startStop-1] c.netflix.config.DynamicPropertyFactory  : DynamicPropertyFactory is initialized with configuration sources: com.netflix.config.ConcurrentCompositeConfiguration@734426d
2018-10-19 22:30:09.351  INFO 33320 --- [localhost-startStop-1] o.s.b.w.servlet.ServletRegistrationBean  : Mapping servlet: 'proxyStreamServlet' to [/proxy.stream]
2018-10-19 22:30:09.354  INFO 33320 --- [localhost-startStop-1] o.s.b.w.servlet.ServletRegistrationBean  : Mapping servlet: 'turbineStreamServlet' to [/turbine.stream]
2018-10-19 22:30:09.354  INFO 33320 --- [localhost-startStop-1] o.s.b.w.servlet.ServletRegistrationBean  : Mapping servlet: 'dispatcherServlet' to [/]
2018-10-19 22:30:09.355  INFO 33320 --- [localhost-startStop-1] o.s.b.w.servlet.ServletRegistrationBean  : Mapping servlet: 'zuulServlet' to [/zuul/*]
2018-10-19 22:30:09.358  INFO 33320 --- [localhost-startStop-1] o.s.b.w.servlet.FilterRegistrationBean   : Mapping filter: 'metricsFilter' to: [/*]
2018-10-19 22:30:09.359  INFO 33320 --- [localhost-startStop-1] o.s.b.w.servlet.FilterRegistrationBean   : Mapping filter: 'characterEncodingFilter' to: [/*]
2018-10-19 22:30:09.359  INFO 33320 --- [localhost-startStop-1] o.s.b.w.servlet.FilterRegistrationBean   : Mapping filter: 'hiddenHttpMethodFilter' to: [/*]
2018-10-19 22:30:09.359  INFO 33320 --- [localhost-startStop-1] o.s.b.w.servlet.FilterRegistrationBean   : Mapping filter: 'httpPutFormContentFilter' to: [/*]
2018-10-19 22:30:09.359  INFO 33320 --- [localhost-startStop-1] o.s.b.w.servlet.FilterRegistrationBean   : Mapping filter: 'requestContextFilter' to: [/*]
2018-10-19 22:30:09.360  INFO 33320 --- [localhost-startStop-1] o.s.b.w.servlet.FilterRegistrationBean   : Mapping filter: 'webRequestLoggingFilter' to: [/*]
2018-10-19 22:30:09.360  INFO 33320 --- [localhost-startStop-1] o.s.b.w.servlet.FilterRegistrationBean   : Mapping filter: 'applicationContextIdFilter' to: [/*]
2018-10-19 22:30:09.376  INFO 33320 --- [localhost-startStop-1] o.s.c.n.zuul.ZuulFilterInitializer       : Starting filter initializer context listener
2018-10-19 22:30:09.480  INFO 33320 --- [main] o.s.ui.freemarker.SpringTemplateLoader   : SpringTemplateLoader for FreeMarker: using resource loader [org.springframework.boot.context.embedded.AnnotationConfigEmbeddedWebApplicationContext@305a0c5f: startup date [Fri Oct 19 22:30:02 CST 2018]; parent: org.springframework.context.annotation.AnnotationConfigApplicationContext@36ebc363] and template loader path [classpath:/templates/]
2018-10-19 22:30:09.481  INFO 33320 --- [main] o.s.w.s.v.f.FreeMarkerConfigurer         : ClassTemplateLoader for Spring macros added to FreeMarker configuration
2018-10-19 22:30:10.532  INFO 33320 --- [main] o.a.c.c.C.[Tomcat].[localhost].[/]       : jolokia: No access restrictor found, access to any MBean is allowed
2018-10-19 22:30:10.791  INFO 33320 --- [main] s.w.s.m.m.a.RequestMappingHandlerAdapter : Looking for @ControllerAdvice: org.springframework.boot.context.embedded.AnnotationConfigEmbeddedWebApplicationContext@305a0c5f: startup date [Fri Oct 19 22:30:02 CST 2018]; parent: org.springframework.context.annotation.AnnotationConfigApplicationContext@36ebc363
2018-10-19 22:30:10.937  INFO 33320 --- [main] s.w.s.m.m.a.RequestMappingHandlerMapping : Mapped "{[/hystrix/{path}]}" onto public java.lang.String org.springframework.cloud.netflix.hystrix.dashboard.HystrixDashboardController.monitor(java.lang.String,org.springframework.ui.Model,org.springframework.web.context.request.WebRequest)
2018-10-19 22:30:10.938  INFO 33320 --- [main] s.w.s.m.m.a.RequestMappingHandlerMapping : Mapped "{[/hystrix]}" onto public java.lang.String org.springframework.cloud.netflix.hystrix.dashboard.HystrixDashboardController.home(org.springframework.ui.Model,org.springframework.web.context.request.WebRequest)
2018-10-19 22:30:10.942  INFO 33320 --- [main] s.w.s.m.m.a.RequestMappingHandlerMapping : Mapped "{[/error]}" onto public org.springframework.http.ResponseEntity<java.util.Map<java.lang.String, java.lang.Object>> org.springframework.boot.autoconfigure.web.BasicErrorController.error(javax.servlet.http.HttpServletRequest)
2018-10-19 22:30:10.943  INFO 33320 --- [main] s.w.s.m.m.a.RequestMappingHandlerMapping : Mapped "{[/error],produces=[text/html]}" onto public org.springframework.web.servlet.ModelAndView org.springframework.boot.autoconfigure.web.BasicErrorController.errorHtml(javax.servlet.http.HttpServletRequest,javax.servlet.http.HttpServletResponse)
2018-10-19 22:30:10.949  INFO 33320 --- [main] s.w.s.m.m.a.RequestMappingHandlerMapping : Mapped "{[/api/turbine/clusters],methods=[GET]}" onto public java.util.Map<java.lang.String, ?> spring.boot.admin.turbine.web.TurbineController.getClusters()
2018-10-19 22:30:10.950  INFO 33320 --- [main] s.w.s.m.m.a.RequestMappingHandlerMapping : Mapped "{[/api/applications/{id}],methods=[GET]}" onto public org.springframework.http.ResponseEntity<?> de.codecentric.boot.admin.registry.web.RegistryController.get(java.lang.String)
2018-10-19 22:30:10.951  INFO 33320 --- [main] s.w.s.m.m.a.RequestMappingHandlerMapping : Mapped "{[/api/applications],methods=[POST]}" onto public org.springframework.http.ResponseEntity<de.codecentric.boot.admin.model.Application> de.codecentric.boot.admin.registry.web.RegistryController.register(de.codecentric.boot.admin.model.Application)
2018-10-19 22:30:10.951  INFO 33320 --- [main] s.w.s.m.m.a.RequestMappingHandlerMapping : Mapped "{[/api/applications/{id}],methods=[DELETE]}" onto public org.springframework.http.ResponseEntity<?> de.codecentric.boot.admin.registry.web.RegistryController.unregister(java.lang.String)
2018-10-19 22:30:10.951  INFO 33320 --- [main] s.w.s.m.m.a.RequestMappingHandlerMapping : Mapped "{[/api/applications],methods=[GET]}" onto public java.util.Collection<de.codecentric.boot.admin.model.Application> de.codecentric.boot.admin.registry.web.RegistryController.applications(java.lang.String)
2018-10-19 22:30:10.955  INFO 33320 --- [main] s.w.s.m.m.a.RequestMappingHandlerMapping : Mapped "{[/api/journal],produces=[text/event-stream]}" onto public org.springframework.web.servlet.mvc.method.annotation.SseEmitter de.codecentric.boot.admin.journal.web.JournalController.getJournalEvents()
2018-10-19 22:30:10.955  INFO 33320 --- [main] s.w.s.m.m.a.RequestMappingHandlerMapping : Mapped "{[/api/journal],produces=[application/json]}" onto public java.util.Collection<de.codecentric.boot.admin.event.ClientApplicationEvent> de.codecentric.boot.admin.journal.web.JournalController.getJournal()
2018-10-19 22:30:11.036  INFO 33320 --- [main] o.s.w.s.handler.SimpleUrlHandlerMapping  : Root mapping to handler of type [class org.springframework.web.servlet.mvc.ParameterizableViewController]
2018-10-19 22:30:11.089  WARN 33320 --- [main] o.s.w.s.r.ResourceHttpRequestHandler     : Locations list is empty. No resources will be served unless a custom ResourceResolver is configured as an alternative to PathResourceResolver.
2018-10-19 22:30:11.089  WARN 33320 --- [main] o.s.w.s.r.ResourceHttpRequestHandler     : Locations list is empty. No resources will be served unless a custom ResourceResolver is configured as an alternative to PathResourceResolver.
2018-10-19 22:30:11.091  INFO 33320 --- [main] o.s.w.s.handler.SimpleUrlHandlerMapping  : Mapped URL path [/webjars/**] onto handler of type [class org.springframework.web.servlet.resource.ResourceHttpRequestHandler]
2018-10-19 22:30:11.091  INFO 33320 --- [main] o.s.w.s.handler.SimpleUrlHandlerMapping  : Mapped URL path [/**] onto handler of type [class org.springframework.web.servlet.resource.ResourceHttpRequestHandler]
2018-10-19 22:30:11.091  INFO 33320 --- [main] o.s.w.s.handler.SimpleUrlHandlerMapping  : Mapped URL path [/all-modules.css] onto handler of type [class org.springframework.web.servlet.resource.ResourceHttpRequestHandler]
2018-10-19 22:30:11.091  INFO 33320 --- [main] o.s.w.s.handler.SimpleUrlHandlerMapping  : Mapped URL path [/all-modules.js] onto handler of type [class org.springframework.web.servlet.resource.ResourceHttpRequestHandler]
2018-10-19 22:30:11.155  INFO 33320 --- [main] o.s.w.s.handler.SimpleUrlHandlerMapping  : Mapped URL path [/**/favicon.ico] onto handler of type [class org.springframework.web.servlet.resource.ResourceHttpRequestHandler]
2018-10-19 22:30:11.923  INFO 33320 --- [main] o.s.b.a.e.mvc.EndpointHandlerMapping     : Mapped "{[/logfile || /logfile.json],methods=[GET || HEAD]}" onto public void org.springframework.boot.actuate.endpoint.mvc.LogFileMvcEndpoint.invoke(javax.servlet.http.HttpServletRequest,javax.servlet.http.HttpServletResponse) throws javax.servlet.ServletException,java.io.IOException
2018-10-19 22:30:11.924  INFO 33320 --- [main] o.s.b.a.e.mvc.EndpointHandlerMapping     : Mapped "{[/env],methods=[POST]}" onto public java.lang.Object org.springframework.cloud.context.environment.EnvironmentManagerMvcEndpoint.value(java.util.Map<java.lang.String, java.lang.String>)
2018-10-19 22:30:11.924  INFO 33320 --- [main] o.s.b.a.e.mvc.EndpointHandlerMapping     : Mapped "{[/env/reset],methods=[POST]}" onto public java.util.Map<java.lang.String, java.lang.Object> org.springframework.cloud.context.environment.EnvironmentManagerMvcEndpoint.reset()
2018-10-19 22:30:11.924  INFO 33320 --- [main] o.s.b.a.e.mvc.EndpointHandlerMapping     : Mapped "{[/dump || /dump.json],methods=[GET],produces=[application/vnd.spring-boot.actuator.v1+json || application/json]}" onto public java.lang.Object org.springframework.boot.actuate.endpoint.mvc.EndpointMvcAdapter.invoke()
2018-10-19 22:30:11.927  INFO 33320 --- [main] o.s.b.a.e.mvc.EndpointHandlerMapping     : Mapped "{[/refresh || /refresh.json],methods=[POST]}" onto public java.lang.Object org.springframework.cloud.endpoint.GenericPostableMvcEndpoint.invoke()
2018-10-19 22:30:11.927  INFO 33320 --- [main] o.s.b.a.e.mvc.EndpointHandlerMapping     : Mapped "{[/resume || /resume.json],methods=[POST]}" onto public java.lang.Object org.springframework.cloud.endpoint.GenericPostableMvcEndpoint.invoke()
2018-10-19 22:30:11.927  INFO 33320 --- [main] o.s.b.a.e.mvc.EndpointHandlerMapping     : Mapped "{[/archaius || /archaius.json],methods=[GET],produces=[application/vnd.spring-boot.actuator.v1+json || application/json]}" onto public java.lang.Object org.springframework.boot.actuate.endpoint.mvc.EndpointMvcAdapter.invoke()
2018-10-19 22:30:11.928  INFO 33320 --- [main] o.s.b.a.e.mvc.EndpointHandlerMapping     : Mapped "{[/trace || /trace.json],methods=[GET],produces=[application/vnd.spring-boot.actuator.v1+json || application/json]}" onto public java.lang.Object org.springframework.boot.actuate.endpoint.mvc.EndpointMvcAdapter.invoke()
2018-10-19 22:30:11.928  INFO 33320 --- [main] o.s.b.a.e.mvc.EndpointHandlerMapping     : Mapped "{[/heapdump || /heapdump.json],methods=[GET],produces=[application/octet-stream]}" onto public void org.springframework.boot.actuate.endpoint.mvc.HeapdumpMvcEndpoint.invoke(boolean,javax.servlet.http.HttpServletRequest,javax.servlet.http.HttpServletResponse) throws java.io.IOException,javax.servlet.ServletException
2018-10-19 22:30:11.930  INFO 33320 --- [main] o.s.b.a.e.mvc.EndpointHandlerMapping     : Mapped "{[/health || /health.json],methods=[GET],produces=[application/vnd.spring-boot.actuator.v1+json || application/json]}" onto public java.lang.Object org.springframework.boot.actuate.endpoint.mvc.HealthMvcEndpoint.invoke(javax.servlet.http.HttpServletRequest,java.security.Principal)
2018-10-19 22:30:11.931  INFO 33320 --- [main] o.s.b.a.e.mvc.EndpointHandlerMapping     : Mapped "{[/features || /features.json],methods=[GET],produces=[application/vnd.spring-boot.actuator.v1+json || application/json]}" onto public java.lang.Object org.springframework.boot.actuate.endpoint.mvc.EndpointMvcAdapter.invoke()
2018-10-19 22:30:11.932  INFO 33320 --- [main] o.s.b.a.e.mvc.EndpointHandlerMapping     : Mapped "{[/routes || /routes.json],methods=[GET],produces=[application/vnd.spring-boot.actuator.v1+json || application/json]}" onto public java.lang.Object org.springframework.boot.actuate.endpoint.mvc.EndpointMvcAdapter.invoke()
2018-10-19 22:30:11.932  INFO 33320 --- [main] o.s.b.a.e.mvc.EndpointHandlerMapping     : Mapped "{[/auditevents || /auditevents.json],methods=[GET],produces=[application/vnd.spring-boot.actuator.v1+json || application/json]}" onto public org.springframework.http.ResponseEntity<?> org.springframework.boot.actuate.endpoint.mvc.AuditEventsMvcEndpoint.findByPrincipalAndAfterAndType(java.lang.String,java.util.Date,java.lang.String)
2018-10-19 22:30:11.933  INFO 33320 --- [main] o.s.b.a.e.mvc.EndpointHandlerMapping     : Mapped "{[/service-registry/instance-status],methods=[POST]}" onto public org.springframework.http.ResponseEntity<?> org.springframework.cloud.client.serviceregistry.endpoint.ServiceRegistryEndpoint.setStatus(java.lang.String)
2018-10-19 22:30:11.933  INFO 33320 --- [main] o.s.b.a.e.mvc.EndpointHandlerMapping     : Mapped "{[/service-registry/instance-status],methods=[GET]}" onto public org.springframework.http.ResponseEntity org.springframework.cloud.client.serviceregistry.endpoint.ServiceRegistryEndpoint.getStatus()
2018-10-19 22:30:11.933  INFO 33320 --- [main] o.s.b.a.e.mvc.EndpointHandlerMapping     : Mapped "{[/hystrix.stream/**]}" onto public org.springframework.web.servlet.ModelAndView org.springframework.cloud.netflix.endpoint.ServletWrappingEndpoint.handle(javax.servlet.http.HttpServletRequest,javax.servlet.http.HttpServletResponse) throws java.lang.Exception
2018-10-19 22:30:11.934  INFO 33320 --- [main] o.s.b.a.e.mvc.EndpointHandlerMapping     : Mapped "{[/jolokia/**]}" onto public org.springframework.web.servlet.ModelAndView org.springframework.boot.actuate.endpoint.mvc.JolokiaMvcEndpoint.handle(javax.servlet.http.HttpServletRequest,javax.servlet.http.HttpServletResponse) throws java.lang.Exception
2018-10-19 22:30:11.935  INFO 33320 --- [main] o.s.b.a.e.mvc.EndpointHandlerMapping     : Mapped "{[/info || /info.json],methods=[GET],produces=[application/vnd.spring-boot.actuator.v1+json || application/json]}" onto public java.lang.Object org.springframework.boot.actuate.endpoint.mvc.EndpointMvcAdapter.invoke()
2018-10-19 22:30:11.935  INFO 33320 --- [main] o.s.b.a.e.mvc.EndpointHandlerMapping     : Mapped "{[/autoconfig || /autoconfig.json],methods=[GET],produces=[application/vnd.spring-boot.actuator.v1+json || application/json]}" onto public java.lang.Object org.springframework.boot.actuate.endpoint.mvc.EndpointMvcAdapter.invoke()
2018-10-19 22:30:11.936  INFO 33320 --- [main] o.s.b.a.e.mvc.EndpointHandlerMapping     : Mapped "{[/configprops || /configprops.json],methods=[GET],produces=[application/vnd.spring-boot.actuator.v1+json || application/json]}" onto public java.lang.Object org.springframework.boot.actuate.endpoint.mvc.EndpointMvcAdapter.invoke()
2018-10-19 22:30:11.936  INFO 33320 --- [main] o.s.b.a.e.mvc.EndpointHandlerMapping     : Mapped "{[/beans || /beans.json],methods=[GET],produces=[application/vnd.spring-boot.actuator.v1+json || application/json]}" onto public java.lang.Object org.springframework.boot.actuate.endpoint.mvc.EndpointMvcAdapter.invoke()
2018-10-19 22:30:11.936  INFO 33320 --- [main] o.s.b.a.e.mvc.EndpointHandlerMapping     : Mapped "{[/restart || /restart.json],methods=[POST]}" onto public java.lang.Object org.springframework.cloud.context.restart.RestartMvcEndpoint.invoke()
2018-10-19 22:30:11.939  INFO 33320 --- [main] o.s.b.a.e.mvc.EndpointHandlerMapping     : Mapped "{[/mappings || /mappings.json],methods=[GET],produces=[application/vnd.spring-boot.actuator.v1+json || application/json]}" onto public java.lang.Object org.springframework.boot.actuate.endpoint.mvc.EndpointMvcAdapter.invoke()
2018-10-19 22:30:11.940  INFO 33320 --- [main] o.s.b.a.e.mvc.EndpointHandlerMapping     : Mapped "{[/pause || /pause.json],methods=[POST]}" onto public java.lang.Object org.springframework.cloud.endpoint.GenericPostableMvcEndpoint.invoke()
2018-10-19 22:30:11.941  INFO 33320 --- [main] o.s.b.a.e.mvc.EndpointHandlerMapping     : Mapped "{[/env/{name:.*}],methods=[GET],produces=[application/vnd.spring-boot.actuator.v1+json || application/json]}" onto public java.lang.Object org.springframework.boot.actuate.endpoint.mvc.EnvironmentMvcEndpoint.value(java.lang.String)
2018-10-19 22:30:11.942  INFO 33320 --- [main] o.s.b.a.e.mvc.EndpointHandlerMapping     : Mapped "{[/env || /env.json],methods=[GET],produces=[application/vnd.spring-boot.actuator.v1+json || application/json]}" onto public java.lang.Object org.springframework.boot.actuate.endpoint.mvc.EndpointMvcAdapter.invoke()
2018-10-19 22:30:11.943  INFO 33320 --- [main] o.s.b.a.e.mvc.EndpointHandlerMapping     : Mapped "{[/loggers/{name:.*}],methods=[GET],produces=[application/vnd.spring-boot.actuator.v1+json || application/json]}" onto public java.lang.Object org.springframework.boot.actuate.endpoint.mvc.LoggersMvcEndpoint.get(java.lang.String)
2018-10-19 22:30:11.944  INFO 33320 --- [main] o.s.b.a.e.mvc.EndpointHandlerMapping     : Mapped "{[/loggers/{name:.*}],methods=[POST],consumes=[application/vnd.spring-boot.actuator.v1+json || application/json],produces=[application/vnd.spring-boot.actuator.v1+json || application/json]}" onto public java.lang.Object org.springframework.boot.actuate.endpoint.mvc.LoggersMvcEndpoint.set(java.lang.String,java.util.Map<java.lang.String, java.lang.String>)
2018-10-19 22:30:11.944  INFO 33320 --- [main] o.s.b.a.e.mvc.EndpointHandlerMapping     : Mapped "{[/loggers || /loggers.json],methods=[GET],produces=[application/vnd.spring-boot.actuator.v1+json || application/json]}" onto public java.lang.Object org.springframework.boot.actuate.endpoint.mvc.EndpointMvcAdapter.invoke()
2018-10-19 22:30:11.944  INFO 33320 --- [main] o.s.b.a.e.mvc.EndpointHandlerMapping     : Mapped "{[/metrics/{name:.*}],methods=[GET],produces=[application/vnd.spring-boot.actuator.v1+json || application/json]}" onto public java.lang.Object org.springframework.boot.actuate.endpoint.mvc.MetricsMvcEndpoint.value(java.lang.String)
2018-10-19 22:30:11.945  INFO 33320 --- [main] o.s.b.a.e.mvc.EndpointHandlerMapping     : Mapped "{[/metrics || /metrics.json],methods=[GET],produces=[application/vnd.spring-boot.actuator.v1+json || application/json]}" onto public java.lang.Object org.springframework.boot.actuate.endpoint.mvc.EndpointMvcAdapter.invoke()
2018-10-19 22:30:12.418  WARN 33320 --- [main] c.n.c.sources.URLConfigurationSource     : No URLs will be polled as dynamic configuration sources.
2018-10-19 22:30:12.418  INFO 33320 --- [main] c.n.c.sources.URLConfigurationSource     : To enable URLs as dynamic configuration sources, define System property archaius.configurationSource.additionalUrls or make config.properties available on classpath.
2018-10-19 22:30:12.568  INFO 33320 --- [main] o.s.s.c.ThreadPoolTaskScheduler          : Initializing ExecutorService  'updateTaskScheduler'
2018-10-19 22:30:12.616  INFO 33320 --- [main] d.c.boot.admin.web.PrefixHandlerMapping  : Mapped "{[/api/turbine/clusters],methods=[GET]}" onto public java.util.Map<java.lang.String, ?> spring.boot.admin.turbine.web.TurbineController.getClusters()
2018-10-19 22:30:12.617  INFO 33320 --- [main] d.c.boot.admin.web.PrefixHandlerMapping  : Mapped "{[/api/applications/{id}],methods=[GET]}" onto public org.springframework.http.ResponseEntity<?> de.codecentric.boot.admin.registry.web.RegistryController.get(java.lang.String)
2018-10-19 22:30:12.618  INFO 33320 --- [main] d.c.boot.admin.web.PrefixHandlerMapping  : Mapped "{[/api/applications],methods=[POST]}" onto public org.springframework.http.ResponseEntity<de.codecentric.boot.admin.model.Application> de.codecentric.boot.admin.registry.web.RegistryController.register(de.codecentric.boot.admin.model.Application)
2018-10-19 22:30:12.618  INFO 33320 --- [main] d.c.boot.admin.web.PrefixHandlerMapping  : Mapped "{[/api/applications/{id}],methods=[DELETE]}" onto public org.springframework.http.ResponseEntity<?> de.codecentric.boot.admin.registry.web.RegistryController.unregister(java.lang.String)
2018-10-19 22:30:12.618  INFO 33320 --- [main] d.c.boot.admin.web.PrefixHandlerMapping  : Mapped "{[/api/applications],methods=[GET]}" onto public java.util.Collection<de.codecentric.boot.admin.model.Application> de.codecentric.boot.admin.registry.web.RegistryController.applications(java.lang.String)
2018-10-19 22:30:12.618  INFO 33320 --- [main] d.c.boot.admin.web.PrefixHandlerMapping  : Mapped "{[/api/journal],produces=[text/event-stream]}" onto public org.springframework.web.servlet.mvc.method.annotation.SseEmitter de.codecentric.boot.admin.journal.web.JournalController.getJournalEvents()
2018-10-19 22:30:12.619  INFO 33320 --- [main] d.c.boot.admin.web.PrefixHandlerMapping  : Mapped "{[/api/journal],produces=[application/json]}" onto public java.util.Collection<de.codecentric.boot.admin.event.ClientApplicationEvent> de.codecentric.boot.admin.journal.web.JournalController.getJournal()
2018-10-19 22:30:12.722  INFO 33320 --- [main] o.s.j.e.a.AnnotationMBeanExporter        : Registering beans for JMX exposure on startup
2018-10-19 22:30:12.730  INFO 33320 --- [main] o.s.j.e.a.AnnotationMBeanExporter        : Bean with name 'environmentManager' has been autodetected for JMX exposure
2018-10-19 22:30:12.733  INFO 33320 --- [main] o.s.j.e.a.AnnotationMBeanExporter        : Bean with name 'configurationPropertiesRebinder' has been autodetected for JMX exposure
2018-10-19 22:30:12.733  INFO 33320 --- [main] o.s.j.e.a.AnnotationMBeanExporter        : Bean with name 'refreshEndpoint' has been autodetected for JMX exposure
2018-10-19 22:30:12.734  INFO 33320 --- [main] o.s.j.e.a.AnnotationMBeanExporter        : Bean with name 'restartEndpoint' has been autodetected for JMX exposure
2018-10-19 22:30:12.736  INFO 33320 --- [main] o.s.j.e.a.AnnotationMBeanExporter        : Bean with name 'serviceRegistryEndpoint' has been autodetected for JMX exposure
2018-10-19 22:30:12.736  INFO 33320 --- [main] o.s.j.e.a.AnnotationMBeanExporter        : Bean with name 'zuulEndpoint' has been autodetected for JMX exposure
2018-10-19 22:30:12.737  INFO 33320 --- [main] o.s.j.e.a.AnnotationMBeanExporter        : Bean with name 'refreshScope' has been autodetected for JMX exposure
2018-10-19 22:30:12.741  INFO 33320 --- [main] o.s.j.e.a.AnnotationMBeanExporter        : Located managed bean 'environmentManager': registering with JMX server as MBean [org.springframework.cloud.context.environment:name=environmentManager,type=EnvironmentManager]
2018-10-19 22:30:12.752  INFO 33320 --- [main] o.s.j.e.a.AnnotationMBeanExporter        : Located managed bean 'restartEndpoint': registering with JMX server as MBean [org.springframework.cloud.context.restart:name=restartEndpoint,type=RestartEndpoint]
2018-10-19 22:30:12.760  INFO 33320 --- [main] o.s.j.e.a.AnnotationMBeanExporter        : Located managed bean 'serviceRegistryEndpoint': registering with JMX server as MBean [org.springframework.cloud.client.serviceregistry.endpoint:name=serviceRegistryEndpoint,type=ServiceRegistryEndpoint]
2018-10-19 22:30:12.765  INFO 33320 --- [main] o.s.j.e.a.AnnotationMBeanExporter        : Located managed bean 'refreshScope': registering with JMX server as MBean [org.springframework.cloud.context.scope.refresh:name=refreshScope,type=RefreshScope]
2018-10-19 22:30:12.773  INFO 33320 --- [main] o.s.j.e.a.AnnotationMBeanExporter        : Located managed bean 'zuulEndpoint': registering with JMX server as MBean [org.springframework.cloud.netflix.zuul:name=zuulEndpoint,type=RoutesEndpoint]
2018-10-19 22:30:12.774  WARN 33320 --- [main] o.s.j.e.a.AnnotationMBeanExporter        : Bean with key 'zuulEndpoint' has been registered as an MBean but has no exposed attributes or operations
2018-10-19 22:30:12.776  INFO 33320 --- [main] o.s.j.e.a.AnnotationMBeanExporter        : Located managed bean 'configurationPropertiesRebinder': registering with JMX server as MBean [org.springframework.cloud.context.properties:name=configurationPropertiesRebinder,context=305a0c5f,type=ConfigurationPropertiesRebinder]
2018-10-19 22:30:12.782  INFO 33320 --- [main] o.s.j.e.a.AnnotationMBeanExporter        : Located managed bean 'refreshEndpoint': registering with JMX server as MBean [org.springframework.cloud.endpoint:name=refreshEndpoint,type=RefreshEndpoint]
2018-10-19 22:30:13.142  INFO 33320 --- [main] o.a.c.c.C.[Tomcat].[localhost].[/]       : jolokia: No access restrictor found, access to any MBean is allowed
2018-10-19 22:30:13.147  INFO 33320 --- [main] o.a.c.c.C.[Tomcat].[localhost].[/]       : jolokia: jolokia:type=Config is already registered. Adding it with jolokia:type=Config,uuid=0797cbe1-6a8a-4d28-af4f-e18c42822c5e, but you should revise your setup in order to either use a qualifier or ensure, that only a single agent gets registered (otherwise history functionality might not work)
2018-10-19 22:30:13.148  INFO 33320 --- [main] o.a.c.c.C.[Tomcat].[localhost].[/]       : jolokia: Cannot register (legacy) MBean handler for config store with name jmx4perl:type=Config since it already exists. This is the case if another agent has been already started within the same JVM. The registration is skipped.
2018-10-19 22:30:13.148  INFO 33320 --- [main] o.a.c.c.C.[Tomcat].[localhost].[/]       : jolokia: Jolokia Discovery MBean registration is skipped because there is already one registered.
2018-10-19 22:30:13.184  INFO 33320 --- [main] o.s.c.support.DefaultLifecycleProcessor  : Starting beans in phase 0
2018-10-19 22:30:13.189  INFO 33320 --- [main] o.s.c.n.turbine.SpringAggregatorFactory  : Could not find monitors: []
2018-10-19 22:30:13.312  INFO 33320 --- [main] c.n.t.monitor.cluster.ClusterMonitor     : Registering event handler for cluster monitor: StaticListener_For_Aggregator
2018-10-19 22:30:13.314  INFO 33320 --- [main] c.n.t.handler.TurbineDataDispatcher      : 

Just added and starting handler tuple: StaticListener_For_Aggregator
2018-10-19 22:30:13.314  INFO 33320 --- [main] c.n.t.monitor.cluster.ClusterMonitor     : All event handlers for cluster monitor: [StaticListener_For_Aggregator]
2018-10-19 22:30:13.314  INFO 33320 --- [main] c.n.t.monitor.cluster.ClusterMonitor     : Starting up the cluster monitor for default_agg
2018-10-19 22:30:13.317  INFO 33320 --- [main] c.n.t.discovery.InstanceObservable       : Starting InstanceObservable at frequency: 60000 millis
2018-10-19 22:30:13.317  INFO 33320 --- [Timer-0] o.s.c.n.t.CommonsInstanceDiscovery       : No apps configured, returning an empty instance list
2018-10-19 22:30:13.317  INFO 33320 --- [Timer-0] c.n.t.discovery.InstanceObservable       : Retrieved hosts from InstanceDiscovery: 0
2018-10-19 22:30:13.317  INFO 33320 --- [Timer-0] c.n.t.discovery.InstanceObservable       : Found hosts that have been previously terminated: 0
2018-10-19 22:30:13.317  INFO 33320 --- [Timer-0] c.n.t.discovery.InstanceObservable       : Hosts up:0, hosts down: 0
2018-10-19 22:30:13.325  INFO 33320 --- [main] o.s.c.n.eureka.InstanceInfoFactory       : Setting initial instance status as: STARTING
2018-10-19 22:30:13.364  INFO 33320 --- [main] com.netflix.discovery.DiscoveryClient    : Initializing Eureka in region us-east-1
2018-10-19 22:30:13.416  INFO 33320 --- [main] c.n.d.provider.DiscoveryJerseyProvider   : Using JSON encoding codec LegacyJacksonJson
2018-10-19 22:30:13.422  INFO 33320 --- [main] c.n.d.provider.DiscoveryJerseyProvider   : Using JSON decoding codec LegacyJacksonJson
2018-10-19 22:30:13.536  INFO 33320 --- [main] c.n.d.provider.DiscoveryJerseyProvider   : Using XML encoding codec XStreamXml
2018-10-19 22:30:13.537  INFO 33320 --- [main] c.n.d.provider.DiscoveryJerseyProvider   : Using XML decoding codec XStreamXml
2018-10-19 22:30:13.682  INFO 33320 --- [main] c.n.d.s.r.aws.ConfigClusterResolver      : Resolving eureka endpoints via configuration
2018-10-19 22:30:13.988  INFO 33320 --- [main] com.netflix.discovery.DiscoveryClient    : Disable delta property : false
2018-10-19 22:30:13.988  INFO 33320 --- [main] com.netflix.discovery.DiscoveryClient    : Single vip registry refresh property : null
2018-10-19 22:30:13.988  INFO 33320 --- [main] com.netflix.discovery.DiscoveryClient    : Force full registry fetch : false
2018-10-19 22:30:13.988  INFO 33320 --- [main] com.netflix.discovery.DiscoveryClient    : Application is null : false
2018-10-19 22:30:13.988  INFO 33320 --- [main] com.netflix.discovery.DiscoveryClient    : Registered Applications size is zero : true
2018-10-19 22:30:13.988  INFO 33320 --- [main] com.netflix.discovery.DiscoveryClient    : Application version is -1: true
2018-10-19 22:30:13.988  INFO 33320 --- [main] com.netflix.discovery.DiscoveryClient    : Getting all instance registry info from the eureka server
2018-10-19 22:30:14.157  INFO 33320 --- [main] com.netflix.discovery.DiscoveryClient    : The response status is 200
2018-10-19 22:30:14.166  INFO 33320 --- [main] com.netflix.discovery.DiscoveryClient    : Starting heartbeat executor: renew interval is: 30
2018-10-19 22:30:14.170  INFO 33320 --- [main] c.n.discovery.InstanceInfoReplicator     : InstanceInfoReplicator onDemand update allowed rate per min is 4
2018-10-19 22:30:14.172  INFO 33320 --- [main] com.netflix.discovery.DiscoveryClient    : Discovery Client initialized at timestamp 1539959414172 with initial instances count: 3
2018-10-19 22:30:14.238  INFO 33320 --- [main] o.s.c.n.e.s.EurekaServiceRegistry        : Registering application service-admin with eureka with status UP
2018-10-19 22:30:14.239  INFO 33320 --- [main] com.netflix.discovery.DiscoveryClient    : Saw local status change event StatusChangeEvent [timestamp=1539959414239, current=UP, previous=STARTING]
2018-10-19 22:30:14.244  INFO 33320 --- [DiscoveryClient-InstanceInfoReplicator-0] com.netflix.discovery.DiscoveryClient    : DiscoveryClient_SERVICE-ADMIN/LENOVO-LEGION:service-admin:5000: registering service...
2018-10-19 22:30:14.334  INFO 33320 --- [DiscoveryClient-InstanceInfoReplicator-0] com.netflix.discovery.DiscoveryClient    : DiscoveryClient_SERVICE-ADMIN/LENOVO-LEGION:service-admin:5000 - registration status: 204
2018-10-19 22:30:14.402  INFO 33320 --- [main] d.c.b.a.registry.ApplicationRegistry     : New Application Application [id=c41bfbc4, name=SERVICE-TURBINE, managementUrl=http://LENOVO-LEGION:8769, healthUrl=http://LENOVO-LEGION:8769/health, serviceUrl=http://LENOVO-LEGION:8769] registered 
2018-10-19 22:30:14.440  INFO 33320 --- [main] d.c.b.a.registry.ApplicationRegistry     : New Application Application [id=dd415cb7, name=EUREKA-CLIENT-TWO, managementUrl=http://LENOVO-LEGION:8763, healthUrl=http://LENOVO-LEGION:8763/health, serviceUrl=http://LENOVO-LEGION:8763] registered 
2018-10-19 22:30:14.441  INFO 33320 --- [main] d.c.b.a.registry.ApplicationRegistry     : New Application Application [id=3486bd63, name=EUREKA-CLIENT-ONE, managementUrl=http://LENOVO-LEGION:8762, healthUrl=http://LENOVO-LEGION:8762/health, serviceUrl=http://LENOVO-LEGION:8762] registered 
2018-10-19 22:30:14.532  INFO 33320 --- [main] o.s.c.support.DefaultLifecycleProcessor  : Starting beans in phase 2147483647
2018-10-19 22:30:14.536  INFO 33320 --- [main] ration$HystrixMetricsPollerConfiguration : Starting poller
2018-10-19 22:30:14.601  INFO 33320 --- [main] s.b.c.e.t.TomcatEmbeddedServletContainer : Tomcat started on port(s): 5000 (http)
2018-10-19 22:30:14.602  INFO 33320 --- [main] .s.c.n.e.s.EurekaAutoServiceRegistration : Updating port to 5000
2018-10-19 22:30:14.605  INFO 33320 --- [main] com.froad.Application                    : Started Application in 14.203 seconds (JVM running for 14.733)
2018-10-19 22:30:44.177  INFO 33320 --- [DiscoveryClient-CacheRefreshExecutor-0] d.c.b.a.registry.ApplicationRegistry     : New Application Application [id=f8550c3c, name=SERVICE-ADMIN, managementUrl=http://LENOVO-LEGION:5000, healthUrl=http://LENOVO-LEGION:5000/health, serviceUrl=http://LENOVO-LEGION:5000] registered 
2018-10-19 22:30:44.275  INFO 33320 --- [http-nio-5000-exec-1] o.a.c.c.C.[Tomcat].[localhost].[/]       : Initializing Spring FrameworkServlet 'dispatcherServlet'
2018-10-19 22:30:44.276  INFO 33320 --- [http-nio-5000-exec-1] o.s.web.servlet.DispatcherServlet        : FrameworkServlet 'dispatcherServlet': initialization started
2018-10-19 22:30:44.361  INFO 33320 --- [http-nio-5000-exec-1] o.s.web.servlet.DispatcherServlet        : FrameworkServlet 'dispatcherServlet': initialization completed in 85 ms
2018-10-19 22:30:44.394  INFO 33320 --- [http-nio-5000-exec-1] o.s.c.n.zuul.web.ZuulHandlerMapping      : Mapped URL path [/api/turbine/stream/**] onto handler of type [class de.codecentric.boot.admin.zuul.OptionsDispatchingZuulController]
2018-10-19 22:30:44.395  INFO 33320 --- [http-nio-5000-exec-1] o.s.c.n.zuul.web.ZuulHandlerMapping      : Mapped URL path [/api/applications/f8550c3c/health/**] onto handler of type [class de.codecentric.boot.admin.zuul.OptionsDispatchingZuulController]
2018-10-19 22:30:44.398  INFO 33320 --- [http-nio-5000-exec-1] o.s.c.n.zuul.web.ZuulHandlerMapping      : Mapped URL path [/api/applications/f8550c3c/env/**] onto handler of type [class de.codecentric.boot.admin.zuul.OptionsDispatchingZuulController]
2018-10-19 22:30:44.399  INFO 33320 --- [http-nio-5000-exec-1] o.s.c.n.zuul.web.ZuulHandlerMapping      : Mapped URL path [/api/applications/f8550c3c/metrics/**] onto handler of type [class de.codecentric.boot.admin.zuul.OptionsDispatchingZuulController]
2018-10-19 22:30:44.399  INFO 33320 --- [http-nio-5000-exec-1] o.s.c.n.zuul.web.ZuulHandlerMapping      : Mapped URL path [/api/applications/f8550c3c/dump/**] onto handler of type [class de.codecentric.boot.admin.zuul.OptionsDispatchingZuulController]
2018-10-19 22:30:44.399  INFO 33320 --- [http-nio-5000-exec-1] o.s.c.n.zuul.web.ZuulHandlerMapping      : Mapped URL path [/api/applications/f8550c3c/jolokia/**] onto handler of type [class de.codecentric.boot.admin.zuul.OptionsDispatchingZuulController]
2018-10-19 22:30:44.399  INFO 33320 --- [http-nio-5000-exec-1] o.s.c.n.zuul.web.ZuulHandlerMapping      : Mapped URL path [/api/applications/f8550c3c/info/**] onto handler of type [class de.codecentric.boot.admin.zuul.OptionsDispatchingZuulController]
2018-10-19 22:30:44.400  INFO 33320 --- [http-nio-5000-exec-1] o.s.c.n.zuul.web.ZuulHandlerMapping      : Mapped URL path [/api/applications/f8550c3c/configprops/**] onto handler of type [class de.codecentric.boot.admin.zuul.OptionsDispatchingZuulController]
2018-10-19 22:30:44.400  INFO 33320 --- [http-nio-5000-exec-1] o.s.c.n.zuul.web.ZuulHandlerMapping      : Mapped URL path [/api/applications/f8550c3c/trace/**] onto handler of type [class de.codecentric.boot.admin.zuul.OptionsDispatchingZuulController]
2018-10-19 22:30:44.400  INFO 33320 --- [http-nio-5000-exec-1] o.s.c.n.zuul.web.ZuulHandlerMapping      : Mapped URL path [/api/applications/f8550c3c/logfile/**] onto handler of type [class de.codecentric.boot.admin.zuul.OptionsDispatchingZuulController]
2018-10-19 22:30:44.400  INFO 33320 --- [http-nio-5000-exec-1] o.s.c.n.zuul.web.ZuulHandlerMapping      : Mapped URL path [/api/applications/f8550c3c/refresh/**] onto handler of type [class de.codecentric.boot.admin.zuul.OptionsDispatchingZuulController]
2018-10-19 22:30:44.400  INFO 33320 --- [http-nio-5000-exec-1] o.s.c.n.zuul.web.ZuulHandlerMapping      : Mapped URL path [/api/applications/f8550c3c/flyway/**] onto handler of type [class de.codecentric.boot.admin.zuul.OptionsDispatchingZuulController]
2018-10-19 22:30:44.400  INFO 33320 --- [http-nio-5000-exec-1] o.s.c.n.zuul.web.ZuulHandlerMapping      : Mapped URL path [/api/applications/f8550c3c/liquibase/**] onto handler of type [class de.codecentric.boot.admin.zuul.OptionsDispatchingZuulController]
2018-10-19 22:30:44.400  INFO 33320 --- [http-nio-5000-exec-1] o.s.c.n.zuul.web.ZuulHandlerMapping      : Mapped URL path [/api/applications/f8550c3c/heapdump/**] onto handler of type [class de.codecentric.boot.admin.zuul.OptionsDispatchingZuulController]
2018-10-19 22:30:44.400  INFO 33320 --- [http-nio-5000-exec-1] o.s.c.n.zuul.web.ZuulHandlerMapping      : Mapped URL path [/api/applications/f8550c3c/loggers/**] onto handler of type [class de.codecentric.boot.admin.zuul.OptionsDispatchingZuulController]
2018-10-19 22:30:44.400  INFO 33320 --- [http-nio-5000-exec-1] o.s.c.n.zuul.web.ZuulHandlerMapping      : Mapped URL path [/api/applications/f8550c3c/auditevents/**] onto handler of type [class de.codecentric.boot.admin.zuul.OptionsDispatchingZuulController]
2018-10-19 22:30:44.400  INFO 33320 --- [http-nio-5000-exec-1] o.s.c.n.zuul.web.ZuulHandlerMapping      : Mapped URL path [/api/applications/f8550c3c/hystrix.stream/**] onto handler of type [class de.codecentric.boot.admin.zuul.OptionsDispatchingZuulController]
2018-10-19 22:30:44.400  INFO 33320 --- [http-nio-5000-exec-1] o.s.c.n.zuul.web.ZuulHandlerMapping      : Mapped URL path [/api/applications/c41bfbc4/health/**] onto handler of type [class de.codecentric.boot.admin.zuul.OptionsDispatchingZuulController]
2018-10-19 22:30:44.400  INFO 33320 --- [http-nio-5000-exec-1] o.s.c.n.zuul.web.ZuulHandlerMapping      : Mapped URL path [/api/applications/c41bfbc4/env/**] onto handler of type [class de.codecentric.boot.admin.zuul.OptionsDispatchingZuulController]
2018-10-19 22:30:44.400  INFO 33320 --- [http-nio-5000-exec-1] o.s.c.n.zuul.web.ZuulHandlerMapping      : Mapped URL path [/api/applications/c41bfbc4/metrics/**] onto handler of type [class de.codecentric.boot.admin.zuul.OptionsDispatchingZuulController]
2018-10-19 22:30:44.400  INFO 33320 --- [http-nio-5000-exec-1] o.s.c.n.zuul.web.ZuulHandlerMapping      : Mapped URL path [/api/applications/c41bfbc4/dump/**] onto handler of type [class de.codecentric.boot.admin.zuul.OptionsDispatchingZuulController]
2018-10-19 22:30:44.400  INFO 33320 --- [http-nio-5000-exec-1] o.s.c.n.zuul.web.ZuulHandlerMapping      : Mapped URL path [/api/applications/c41bfbc4/jolokia/**] onto handler of type [class de.codecentric.boot.admin.zuul.OptionsDispatchingZuulController]
2018-10-19 22:30:44.400  INFO 33320 --- [http-nio-5000-exec-1] o.s.c.n.zuul.web.ZuulHandlerMapping      : Mapped URL path [/api/applications/c41bfbc4/info/**] onto handler of type [class de.codecentric.boot.admin.zuul.OptionsDispatchingZuulController]
2018-10-19 22:30:44.400  INFO 33320 --- [http-nio-5000-exec-1] o.s.c.n.zuul.web.ZuulHandlerMapping      : Mapped URL path [/api/applications/c41bfbc4/configprops/**] onto handler of type [class de.codecentric.boot.admin.zuul.OptionsDispatchingZuulController]
2018-10-19 22:30:44.400  INFO 33320 --- [http-nio-5000-exec-1] o.s.c.n.zuul.web.ZuulHandlerMapping      : Mapped URL path [/api/applications/c41bfbc4/trace/**] onto handler of type [class de.codecentric.boot.admin.zuul.OptionsDispatchingZuulController]
2018-10-19 22:30:44.400  INFO 33320 --- [http-nio-5000-exec-1] o.s.c.n.zuul.web.ZuulHandlerMapping      : Mapped URL path [/api/applications/c41bfbc4/logfile/**] onto handler of type [class de.codecentric.boot.admin.zuul.OptionsDispatchingZuulController]
2018-10-19 22:30:44.400  INFO 33320 --- [http-nio-5000-exec-1] o.s.c.n.zuul.web.ZuulHandlerMapping      : Mapped URL path [/api/applications/c41bfbc4/refresh/**] onto handler of type [class de.codecentric.boot.admin.zuul.OptionsDispatchingZuulController]
2018-10-19 22:30:44.400  INFO 33320 --- [http-nio-5000-exec-1] o.s.c.n.zuul.web.ZuulHandlerMapping      : Mapped URL path [/api/applications/c41bfbc4/flyway/**] onto handler of type [class de.codecentric.boot.admin.zuul.OptionsDispatchingZuulController]
2018-10-19 22:30:44.400  INFO 33320 --- [http-nio-5000-exec-1] o.s.c.n.zuul.web.ZuulHandlerMapping      : Mapped URL path [/api/applications/c41bfbc4/liquibase/**] onto handler of type [class de.codecentric.boot.admin.zuul.OptionsDispatchingZuulController]
2018-10-19 22:30:44.400  INFO 33320 --- [http-nio-5000-exec-1] o.s.c.n.zuul.web.ZuulHandlerMapping      : Mapped URL path [/api/applications/c41bfbc4/heapdump/**] onto handler of type [class de.codecentric.boot.admin.zuul.OptionsDispatchingZuulController]
2018-10-19 22:30:44.400  INFO 33320 --- [http-nio-5000-exec-1] o.s.c.n.zuul.web.ZuulHandlerMapping      : Mapped URL path [/api/applications/c41bfbc4/loggers/**] onto handler of type [class de.codecentric.boot.admin.zuul.OptionsDispatchingZuulController]
2018-10-19 22:30:44.400  INFO 33320 --- [http-nio-5000-exec-1] o.s.c.n.zuul.web.ZuulHandlerMapping      : Mapped URL path [/api/applications/c41bfbc4/auditevents/**] onto handler of type [class de.codecentric.boot.admin.zuul.OptionsDispatchingZuulController]
2018-10-19 22:30:44.400  INFO 33320 --- [http-nio-5000-exec-1] o.s.c.n.zuul.web.ZuulHandlerMapping      : Mapped URL path [/api/applications/c41bfbc4/hystrix.stream/**] onto handler of type [class de.codecentric.boot.admin.zuul.OptionsDispatchingZuulController]
2018-10-19 22:30:44.407  INFO 33320 --- [http-nio-5000-exec-1] o.s.c.n.zuul.web.ZuulHandlerMapping      : Mapped URL path [/api/applications/3486bd63/health/**] onto handler of type [class de.codecentric.boot.admin.zuul.OptionsDispatchingZuulController]
2018-10-19 22:30:44.408  INFO 33320 --- [http-nio-5000-exec-1] o.s.c.n.zuul.web.ZuulHandlerMapping      : Mapped URL path [/api/applications/3486bd63/env/**] onto handler of type [class de.codecentric.boot.admin.zuul.OptionsDispatchingZuulController]
2018-10-19 22:30:44.408  INFO 33320 --- [http-nio-5000-exec-1] o.s.c.n.zuul.web.ZuulHandlerMapping      : Mapped URL path [/api/applications/3486bd63/metrics/**] onto handler of type [class de.codecentric.boot.admin.zuul.OptionsDispatchingZuulController]
2018-10-19 22:30:44.408  INFO 33320 --- [http-nio-5000-exec-1] o.s.c.n.zuul.web.ZuulHandlerMapping      : Mapped URL path [/api/applications/3486bd63/dump/**] onto handler of type [class de.codecentric.boot.admin.zuul.OptionsDispatchingZuulController]
2018-10-19 22:30:44.410  INFO 33320 --- [http-nio-5000-exec-1] o.s.c.n.zuul.web.ZuulHandlerMapping      : Mapped URL path [/api/applications/3486bd63/jolokia/**] onto handler of type [class de.codecentric.boot.admin.zuul.OptionsDispatchingZuulController]
2018-10-19 22:30:44.410  INFO 33320 --- [http-nio-5000-exec-1] o.s.c.n.zuul.web.ZuulHandlerMapping      : Mapped URL path [/api/applications/3486bd63/info/**] onto handler of type [class de.codecentric.boot.admin.zuul.OptionsDispatchingZuulController]
2018-10-19 22:30:44.410  INFO 33320 --- [http-nio-5000-exec-1] o.s.c.n.zuul.web.ZuulHandlerMapping      : Mapped URL path [/api/applications/3486bd63/configprops/**] onto handler of type [class de.codecentric.boot.admin.zuul.OptionsDispatchingZuulController]
2018-10-19 22:30:44.410  INFO 33320 --- [http-nio-5000-exec-1] o.s.c.n.zuul.web.ZuulHandlerMapping      : Mapped URL path [/api/applications/3486bd63/trace/**] onto handler of type [class de.codecentric.boot.admin.zuul.OptionsDispatchingZuulController]
2018-10-19 22:30:44.410  INFO 33320 --- [http-nio-5000-exec-1] o.s.c.n.zuul.web.ZuulHandlerMapping      : Mapped URL path [/api/applications/3486bd63/logfile/**] onto handler of type [class de.codecentric.boot.admin.zuul.OptionsDispatchingZuulController]
2018-10-19 22:30:44.410  INFO 33320 --- [http-nio-5000-exec-1] o.s.c.n.zuul.web.ZuulHandlerMapping      : Mapped URL path [/api/applications/3486bd63/refresh/**] onto handler of type [class de.codecentric.boot.admin.zuul.OptionsDispatchingZuulController]
2018-10-19 22:30:44.410  INFO 33320 --- [http-nio-5000-exec-1] o.s.c.n.zuul.web.ZuulHandlerMapping      : Mapped URL path [/api/applications/3486bd63/flyway/**] onto handler of type [class de.codecentric.boot.admin.zuul.OptionsDispatchingZuulController]
2018-10-19 22:30:44.410  INFO 33320 --- [http-nio-5000-exec-1] o.s.c.n.zuul.web.ZuulHandlerMapping      : Mapped URL path [/api/applications/3486bd63/liquibase/**] onto handler of type [class de.codecentric.boot.admin.zuul.OptionsDispatchingZuulController]
2018-10-19 22:30:44.410  INFO 33320 --- [http-nio-5000-exec-1] o.s.c.n.zuul.web.ZuulHandlerMapping      : Mapped URL path [/api/applications/3486bd63/heapdump/**] onto handler of type [class de.codecentric.boot.admin.zuul.OptionsDispatchingZuulController]
2018-10-19 22:30:44.410  INFO 33320 --- [http-nio-5000-exec-1] o.s.c.n.zuul.web.ZuulHandlerMapping      : Mapped URL path [/api/applications/3486bd63/loggers/**] onto handler of type [class de.codecentric.boot.admin.zuul.OptionsDispatchingZuulController]
2018-10-19 22:30:44.410  INFO 33320 --- [http-nio-5000-exec-1] o.s.c.n.zuul.web.ZuulHandlerMapping      : Mapped URL path [/api/applications/3486bd63/auditevents/**] onto handler of type [class de.codecentric.boot.admin.zuul.OptionsDispatchingZuulController]
2018-10-19 22:30:44.410  INFO 33320 --- [http-nio-5000-exec-1] o.s.c.n.zuul.web.ZuulHandlerMapping      : Mapped URL path [/api/applications/3486bd63/hystrix.stream/**] onto handler of type [class de.codecentric.boot.admin.zuul.OptionsDispatchingZuulController]
2018-10-19 22:30:44.410  INFO 33320 --- [http-nio-5000-exec-1] o.s.c.n.zuul.web.ZuulHandlerMapping      : Mapped URL path [/api/applications/dd415cb7/health/**] onto handler of type [class de.codecentric.boot.admin.zuul.OptionsDispatchingZuulController]
2018-10-19 22:30:44.410  INFO 33320 --- [http-nio-5000-exec-1] o.s.c.n.zuul.web.ZuulHandlerMapping      : Mapped URL path [/api/applications/dd415cb7/env/**] onto handler of type [class de.codecentric.boot.admin.zuul.OptionsDispatchingZuulController]
2018-10-19 22:30:44.410  INFO 33320 --- [http-nio-5000-exec-1] o.s.c.n.zuul.web.ZuulHandlerMapping      : Mapped URL path [/api/applications/dd415cb7/metrics/**] onto handler of type [class de.codecentric.boot.admin.zuul.OptionsDispatchingZuulController]
2018-10-19 22:30:44.410  INFO 33320 --- [http-nio-5000-exec-1] o.s.c.n.zuul.web.ZuulHandlerMapping      : Mapped URL path [/api/applications/dd415cb7/dump/**] onto handler of type [class de.codecentric.boot.admin.zuul.OptionsDispatchingZuulController]
2018-10-19 22:30:44.410  INFO 33320 --- [http-nio-5000-exec-1] o.s.c.n.zuul.web.ZuulHandlerMapping      : Mapped URL path [/api/applications/dd415cb7/jolokia/**] onto handler of type [class de.codecentric.boot.admin.zuul.OptionsDispatchingZuulController]
2018-10-19 22:30:44.410  INFO 33320 --- [http-nio-5000-exec-1] o.s.c.n.zuul.web.ZuulHandlerMapping      : Mapped URL path [/api/applications/dd415cb7/info/**] onto handler of type [class de.codecentric.boot.admin.zuul.OptionsDispatchingZuulController]
2018-10-19 22:30:44.410  INFO 33320 --- [http-nio-5000-exec-1] o.s.c.n.zuul.web.ZuulHandlerMapping      : Mapped URL path [/api/applications/dd415cb7/configprops/**] onto handler of type [class de.codecentric.boot.admin.zuul.OptionsDispatchingZuulController]
2018-10-19 22:30:44.410  INFO 33320 --- [http-nio-5000-exec-1] o.s.c.n.zuul.web.ZuulHandlerMapping      : Mapped URL path [/api/applications/dd415cb7/trace/**] onto handler of type [class de.codecentric.boot.admin.zuul.OptionsDispatchingZuulController]
2018-10-19 22:30:44.410  INFO 33320 --- [http-nio-5000-exec-1] o.s.c.n.zuul.web.ZuulHandlerMapping      : Mapped URL path [/api/applications/dd415cb7/logfile/**] onto handler of type [class de.codecentric.boot.admin.zuul.OptionsDispatchingZuulController]
2018-10-19 22:30:44.410  INFO 33320 --- [http-nio-5000-exec-1] o.s.c.n.zuul.web.ZuulHandlerMapping      : Mapped URL path [/api/applications/dd415cb7/refresh/**] onto handler of type [class de.codecentric.boot.admin.zuul.OptionsDispatchingZuulController]
2018-10-19 22:30:44.410  INFO 33320 --- [http-nio-5000-exec-1] o.s.c.n.zuul.web.ZuulHandlerMapping      : Mapped URL path [/api/applications/dd415cb7/flyway/**] onto handler of type [class de.codecentric.boot.admin.zuul.OptionsDispatchingZuulController]
2018-10-19 22:30:44.410  INFO 33320 --- [http-nio-5000-exec-1] o.s.c.n.zuul.web.ZuulHandlerMapping      : Mapped URL path [/api/applications/dd415cb7/liquibase/**] onto handler of type [class de.codecentric.boot.admin.zuul.OptionsDispatchingZuulController]
2018-10-19 22:30:44.410  INFO 33320 --- [http-nio-5000-exec-1] o.s.c.n.zuul.web.ZuulHandlerMapping      : Mapped URL path [/api/applications/dd415cb7/heapdump/**] onto handler of type [class de.codecentric.boot.admin.zuul.OptionsDispatchingZuulController]
2018-10-19 22:30:44.410  INFO 33320 --- [http-nio-5000-exec-1] o.s.c.n.zuul.web.ZuulHandlerMapping      : Mapped URL path [/api/applications/dd415cb7/loggers/**] onto handler of type [class de.codecentric.boot.admin.zuul.OptionsDispatchingZuulController]
2018-10-19 22:30:44.410  INFO 33320 --- [http-nio-5000-exec-1] o.s.c.n.zuul.web.ZuulHandlerMapping      : Mapped URL path [/api/applications/dd415cb7/auditevents/**] onto handler of type [class de.codecentric.boot.admin.zuul.OptionsDispatchingZuulController]
2018-10-19 22:30:44.410  INFO 33320 --- [http-nio-5000-exec-1] o.s.c.n.zuul.web.ZuulHandlerMapping      : Mapped URL path [/api/applications/dd415cb7/hystrix.stream/**] onto handler of type [class de.codecentric.boot.admin.zuul.OptionsDispatchingZuulController]
2018-10-19 22:31:13.318  INFO 33320 --- [Timer-0] o.s.c.n.t.CommonsInstanceDiscovery       : No apps configured, returning an empty instance list
2018-10-19 22:31:13.318  INFO 33320 --- [Timer-0] c.n.t.discovery.InstanceObservable       : Retrieved hosts from InstanceDiscovery: 0
2018-10-19 22:31:13.318  INFO 33320 --- [Timer-0] c.n.t.discovery.InstanceObservable       : Found hosts that have been previously terminated: 0
2018-10-19 22:31:13.318  INFO 33320 --- [Timer-0] c.n.t.discovery.InstanceObservable       : Hosts up:0, hosts down: 0
2018-10-19 22:32:13.318  INFO 33320 --- [Timer-0] o.s.c.n.t.CommonsInstanceDiscovery       : No apps configured, returning an empty instance list
2018-10-19 22:32:13.318  INFO 33320 --- [Timer-0] c.n.t.discovery.InstanceObservable       : Retrieved hosts from InstanceDiscovery: 0
2018-10-19 22:32:13.319  INFO 33320 --- [Timer-0] c.n.t.discovery.InstanceObservable       : Found hosts that have been previously terminated: 0
2018-10-19 22:32:13.319  INFO 33320 --- [Timer-0] c.n.t.discovery.InstanceObservable       : Hosts up:0, hosts down: 0
2018-10-19 22:33:13.318  INFO 33320 --- [Timer-0] o.s.c.n.t.CommonsInstanceDiscovery       : No apps configured, returning an empty instance list
2018-10-19 22:33:13.318  INFO 33320 --- [Timer-0] c.n.t.discovery.InstanceObservable       : Retrieved hosts from InstanceDiscovery: 0
2018-10-19 22:33:13.318  INFO 33320 --- [Timer-0] c.n.t.discovery.InstanceObservable       : Found hosts that have been previously terminated: 0
2018-10-19 22:33:13.318  INFO 33320 --- [Timer-0] c.n.t.discovery.InstanceObservable       : Hosts up:0, hosts down: 0
2018-10-19 22:34:13.319  INFO 33320 --- [Timer-0] o.s.c.n.t.CommonsInstanceDiscovery       : No apps configured, returning an empty instance list
2018-10-19 22:34:13.319  INFO 33320 --- [Timer-0] c.n.t.discovery.InstanceObservable       : Retrieved hosts from InstanceDiscovery: 0
2018-10-19 22:34:13.319  INFO 33320 --- [Timer-0] c.n.t.discovery.InstanceObservable       : Found hosts that have been previously terminated: 0
2018-10-19 22:34:13.319  INFO 33320 --- [Timer-0] c.n.t.discovery.InstanceObservable       : Hosts up:0, hosts down: 0
2018-10-19 22:35:13.320  INFO 33320 --- [Timer-0] o.s.c.n.t.CommonsInstanceDiscovery       : No apps configured, returning an empty instance list
2018-10-19 22:35:13.320  INFO 33320 --- [Timer-0] c.n.t.discovery.InstanceObservable       : Retrieved hosts from InstanceDiscovery: 0
2018-10-19 22:35:13.321  INFO 33320 --- [Timer-0] c.n.t.discovery.InstanceObservable       : Found hosts that have been previously terminated: 0
2018-10-19 22:35:13.321  INFO 33320 --- [Timer-0] c.n.t.discovery.InstanceObservable       : Hosts up:0, hosts down: 0
2018-10-19 22:35:13.992  INFO 33320 --- [AsyncResolver-bootstrap-executor-0] c.n.d.s.r.aws.ConfigClusterResolver      : Resolving eureka endpoints via configuration
