2018-10-19 22:59:42.752  INFO 39864 --- [main] com.froad.Application                    : The following profiles are active: dev
2018-10-19 22:59:42.771  INFO 39864 --- [main] ationConfigEmbeddedWebApplicationContext : Refreshing org.springframework.boot.context.embedded.AnnotationConfigEmbeddedWebApplicationContext@3ed242a4: startup date [Fri Oct 19 22:59:42 CST 2018]; parent: org.springframework.context.annotation.AnnotationConfigApplicationContext@55182842
2018-10-19 22:59:43.697  INFO 39864 --- [main] o.s.cloud.context.scope.GenericScope     : BeanFactory id=90c6e8f0-3025-371b-b01f-6a9d7da5d1ca
2018-10-19 22:59:43.735  INFO 39864 --- [main] f.a.AutowiredAnnotationBeanPostProcessor : JSR-330 'javax.inject.Inject' annotation found and supported for autowiring
2018-10-19 22:59:44.044  INFO 39864 --- [main] trationDelegate$BeanPostProcessorChecker : Bean 'org.springframework.cloud.netflix.metrics.MetricsInterceptorConfiguration$MetricsRestTemplateConfiguration' of type [org.springframework.cloud.netflix.metrics.MetricsInterceptorConfiguration$MetricsRestTemplateConfiguration$$EnhancerBySpringCGLIB$$c6aef900] is not eligible for getting processed by all BeanPostProcessors (for example: not eligible for auto-proxying)
2018-10-19 22:59:44.060  INFO 39864 --- [main] trationDelegate$BeanPostProcessorChecker : Bean 'org.springframework.cloud.autoconfigure.ConfigurationPropertiesRebinderAutoConfiguration' of type [org.springframework.cloud.autoconfigure.ConfigurationPropertiesRebinderAutoConfiguration$$EnhancerBySpringCGLIB$$b09c55bc] is not eligible for getting processed by all BeanPostProcessors (for example: not eligible for auto-proxying)
2018-10-19 22:59:44.762  INFO 39864 --- [main] s.b.c.e.t.TomcatEmbeddedServletContainer : Tomcat initialized with port(s): 8762 (http)
2018-10-19 22:59:44.772  INFO 39864 --- [main] o.apache.catalina.core.StandardService   : Starting service Tomcat
2018-10-19 22:59:44.774  INFO 39864 --- [main] org.apache.catalina.core.StandardEngine  : Starting Servlet Engine: Apache Tomcat/8.5.11
2018-10-19 22:59:44.920  INFO 39864 --- [localhost-startStop-1] o.a.c.c.C.[Tomcat].[localhost].[/]       : Initializing Spring embedded WebApplicationContext
2018-10-19 22:59:44.923  INFO 39864 --- [localhost-startStop-1] o.s.web.context.ContextLoader            : Root WebApplicationContext: initialization completed in 2153 ms
2018-10-19 22:59:45.336  INFO 39864 --- [localhost-startStop-1] o.s.b.w.servlet.ServletRegistrationBean  : Mapping servlet: 'proxyStreamServlet' to [/proxy.stream]
2018-10-19 22:59:45.338  INFO 39864 --- [localhost-startStop-1] o.s.b.w.servlet.ServletRegistrationBean  : Mapping servlet: 'dispatcherServlet' to [/]
2018-10-19 22:59:45.342  INFO 39864 --- [localhost-startStop-1] o.s.b.w.servlet.FilterRegistrationBean   : Mapping filter: 'metricsFilter' to: [/*]
2018-10-19 22:59:45.342  INFO 39864 --- [localhost-startStop-1] o.s.b.w.servlet.FilterRegistrationBean   : Mapping filter: 'characterEncodingFilter' to: [/*]
2018-10-19 22:59:45.342  INFO 39864 --- [localhost-startStop-1] o.s.b.w.servlet.FilterRegistrationBean   : Mapping filter: 'hiddenHttpMethodFilter' to: [/*]
2018-10-19 22:59:45.343  INFO 39864 --- [localhost-startStop-1] o.s.b.w.servlet.FilterRegistrationBean   : Mapping filter: 'httpPutFormContentFilter' to: [/*]
2018-10-19 22:59:45.343  INFO 39864 --- [localhost-startStop-1] o.s.b.w.servlet.FilterRegistrationBean   : Mapping filter: 'requestContextFilter' to: [/*]
2018-10-19 22:59:45.344  INFO 39864 --- [localhost-startStop-1] o.s.b.w.servlet.FilterRegistrationBean   : Mapping filter: 'webRequestLoggingFilter' to: [/*]
2018-10-19 22:59:45.345  INFO 39864 --- [localhost-startStop-1] o.s.b.w.servlet.FilterRegistrationBean   : Mapping filter: 'applicationContextIdFilter' to: [/*]
2018-10-19 22:59:45.511  INFO 39864 --- [main] o.s.ui.freemarker.SpringTemplateLoader   : SpringTemplateLoader for FreeMarker: using resource loader [org.springframework.boot.context.embedded.AnnotationConfigEmbeddedWebApplicationContext@3ed242a4: startup date [Fri Oct 19 22:59:42 CST 2018]; parent: org.springframework.context.annotation.AnnotationConfigApplicationContext@55182842] and template loader path [classpath:/templates/]
2018-10-19 22:59:45.513  INFO 39864 --- [main] o.s.w.s.v.f.FreeMarkerConfigurer         : ClassTemplateLoader for Spring macros added to FreeMarker configuration
2018-10-19 22:59:45.583  WARN 39864 --- [main] c.n.c.sources.URLConfigurationSource     : No URLs will be polled as dynamic configuration sources.
2018-10-19 22:59:45.583  INFO 39864 --- [main] c.n.c.sources.URLConfigurationSource     : To enable URLs as dynamic configuration sources, define System property archaius.configurationSource.additionalUrls or make config.properties available on classpath.
2018-10-19 22:59:45.590  INFO 39864 --- [main] c.netflix.config.DynamicPropertyFactory  : DynamicPropertyFactory is initialized with configuration sources: com.netflix.config.ConcurrentCompositeConfiguration@3f1a4795
2018-10-19 22:59:47.348  INFO 39864 --- [main] o.a.c.c.C.[Tomcat].[localhost].[/]       : jolokia: No access restrictor found, access to any MBean is allowed
2018-10-19 22:59:47.618  INFO 39864 --- [main] s.w.s.m.m.a.RequestMappingHandlerAdapter : Looking for @ControllerAdvice: org.springframework.boot.context.embedded.AnnotationConfigEmbeddedWebApplicationContext@3ed242a4: startup date [Fri Oct 19 22:59:42 CST 2018]; parent: org.springframework.context.annotation.AnnotationConfigApplicationContext@55182842
2018-10-19 22:59:47.768  INFO 39864 --- [main] s.w.s.m.m.a.RequestMappingHandlerMapping : Mapped "{[/hi],methods=[GET]}" onto public java.lang.String com.froad.controller.HiController.hi(java.lang.String)
2018-10-19 22:59:47.770  INFO 39864 --- [main] s.w.s.m.m.a.RequestMappingHandlerMapping : Mapped "{[/hystrix/{path}]}" onto public java.lang.String org.springframework.cloud.netflix.hystrix.dashboard.HystrixDashboardController.monitor(java.lang.String,org.springframework.ui.Model,org.springframework.web.context.request.WebRequest)
2018-10-19 22:59:47.771  INFO 39864 --- [main] s.w.s.m.m.a.RequestMappingHandlerMapping : Mapped "{[/hystrix]}" onto public java.lang.String org.springframework.cloud.netflix.hystrix.dashboard.HystrixDashboardController.home(org.springframework.ui.Model,org.springframework.web.context.request.WebRequest)
2018-10-19 22:59:47.774  INFO 39864 --- [main] s.w.s.m.m.a.RequestMappingHandlerMapping : Mapped "{[/error]}" onto public org.springframework.http.ResponseEntity<java.util.Map<java.lang.String, java.lang.Object>> org.springframework.boot.autoconfigure.web.BasicErrorController.error(javax.servlet.http.HttpServletRequest)
2018-10-19 22:59:47.775  INFO 39864 --- [main] s.w.s.m.m.a.RequestMappingHandlerMapping : Mapped "{[/error],produces=[text/html]}" onto public org.springframework.web.servlet.ModelAndView org.springframework.boot.autoconfigure.web.BasicErrorController.errorHtml(javax.servlet.http.HttpServletRequest,javax.servlet.http.HttpServletResponse)
2018-10-19 22:59:47.854  INFO 39864 --- [main] o.s.w.s.handler.SimpleUrlHandlerMapping  : Mapped URL path [/webjars/**] onto handler of type [class org.springframework.web.servlet.resource.ResourceHttpRequestHandler]
2018-10-19 22:59:47.854  INFO 39864 --- [main] o.s.w.s.handler.SimpleUrlHandlerMapping  : Mapped URL path [/**] onto handler of type [class org.springframework.web.servlet.resource.ResourceHttpRequestHandler]
2018-10-19 22:59:47.919  INFO 39864 --- [main] o.s.w.s.handler.SimpleUrlHandlerMapping  : Mapped URL path [/**/favicon.ico] onto handler of type [class org.springframework.web.servlet.resource.ResourceHttpRequestHandler]
2018-10-19 22:59:48.640  INFO 39864 --- [main] o.s.b.a.e.mvc.EndpointHandlerMapping     : Mapped "{[/env/{name:.*}],methods=[GET],produces=[application/vnd.spring-boot.actuator.v1+json || application/json]}" onto public java.lang.Object org.springframework.boot.actuate.endpoint.mvc.EnvironmentMvcEndpoint.value(java.lang.String)
2018-10-19 22:59:48.641  INFO 39864 --- [main] o.s.b.a.e.mvc.EndpointHandlerMapping     : Mapped "{[/env || /env.json],methods=[GET],produces=[application/vnd.spring-boot.actuator.v1+json || application/json]}" onto public java.lang.Object org.springframework.boot.actuate.endpoint.mvc.EndpointMvcAdapter.invoke()
2018-10-19 22:59:48.642  INFO 39864 --- [main] o.s.b.a.e.mvc.EndpointHandlerMapping     : Mapped "{[/mappings || /mappings.json],methods=[GET],produces=[application/vnd.spring-boot.actuator.v1+json || application/json]}" onto public java.lang.Object org.springframework.boot.actuate.endpoint.mvc.EndpointMvcAdapter.invoke()
2018-10-19 22:59:48.643  INFO 39864 --- [main] o.s.b.a.e.mvc.EndpointHandlerMapping     : Mapped "{[/pause || /pause.json],methods=[POST]}" onto public java.lang.Object org.springframework.cloud.endpoint.GenericPostableMvcEndpoint.invoke()
2018-10-19 22:59:48.644  INFO 39864 --- [main] o.s.b.a.e.mvc.EndpointHandlerMapping     : Mapped "{[/refresh || /refresh.json],methods=[POST]}" onto public java.lang.Object org.springframework.cloud.endpoint.GenericPostableMvcEndpoint.invoke()
2018-10-19 22:59:48.644  INFO 39864 --- [main] o.s.b.a.e.mvc.EndpointHandlerMapping     : Mapped "{[/restart || /restart.json],methods=[POST]}" onto public java.lang.Object org.springframework.cloud.context.restart.RestartMvcEndpoint.invoke()
2018-10-19 22:59:48.645  INFO 39864 --- [main] o.s.b.a.e.mvc.EndpointHandlerMapping     : Mapped "{[/trace || /trace.json],methods=[GET],produces=[application/vnd.spring-boot.actuator.v1+json || application/json]}" onto public java.lang.Object org.springframework.boot.actuate.endpoint.mvc.EndpointMvcAdapter.invoke()
2018-10-19 22:59:48.647  INFO 39864 --- [main] o.s.b.a.e.mvc.EndpointHandlerMapping     : Mapped "{[/autoconfig || /autoconfig.json],methods=[GET],produces=[application/vnd.spring-boot.actuator.v1+json || application/json]}" onto public java.lang.Object org.springframework.boot.actuate.endpoint.mvc.EndpointMvcAdapter.invoke()
2018-10-19 22:59:48.648  INFO 39864 --- [main] o.s.b.a.e.mvc.EndpointHandlerMapping     : Mapped "{[/archaius || /archaius.json],methods=[GET],produces=[application/vnd.spring-boot.actuator.v1+json || application/json]}" onto public java.lang.Object org.springframework.boot.actuate.endpoint.mvc.EndpointMvcAdapter.invoke()
2018-10-19 22:59:48.649  INFO 39864 --- [main] o.s.b.a.e.mvc.EndpointHandlerMapping     : Mapped "{[/jolokia/**]}" onto public org.springframework.web.servlet.ModelAndView org.springframework.boot.actuate.endpoint.mvc.JolokiaMvcEndpoint.handle(javax.servlet.http.HttpServletRequest,javax.servlet.http.HttpServletResponse) throws java.lang.Exception
2018-10-19 22:59:48.651  INFO 39864 --- [main] o.s.b.a.e.mvc.EndpointHandlerMapping     : Mapped "{[/service-registry/instance-status],methods=[POST]}" onto public org.springframework.http.ResponseEntity<?> org.springframework.cloud.client.serviceregistry.endpoint.ServiceRegistryEndpoint.setStatus(java.lang.String)
2018-10-19 22:59:48.652  INFO 39864 --- [main] o.s.b.a.e.mvc.EndpointHandlerMapping     : Mapped "{[/service-registry/instance-status],methods=[GET]}" onto public org.springframework.http.ResponseEntity org.springframework.cloud.client.serviceregistry.endpoint.ServiceRegistryEndpoint.getStatus()
2018-10-19 22:59:48.653  INFO 39864 --- [main] o.s.b.a.e.mvc.EndpointHandlerMapping     : Mapped "{[/features || /features.json],methods=[GET],produces=[application/vnd.spring-boot.actuator.v1+json || application/json]}" onto public java.lang.Object org.springframework.boot.actuate.endpoint.mvc.EndpointMvcAdapter.invoke()
2018-10-19 22:59:48.654  INFO 39864 --- [main] o.s.b.a.e.mvc.EndpointHandlerMapping     : Mapped "{[/health || /health.json],methods=[GET],produces=[application/vnd.spring-boot.actuator.v1+json || application/json]}" onto public java.lang.Object org.springframework.boot.actuate.endpoint.mvc.HealthMvcEndpoint.invoke(javax.servlet.http.HttpServletRequest,java.security.Principal)
2018-10-19 22:59:48.654  INFO 39864 --- [main] o.s.b.a.e.mvc.EndpointHandlerMapping     : Mapped "{[/hystrix.stream/**]}" onto public org.springframework.web.servlet.ModelAndView org.springframework.cloud.netflix.endpoint.ServletWrappingEndpoint.handle(javax.servlet.http.HttpServletRequest,javax.servlet.http.HttpServletResponse) throws java.lang.Exception
2018-10-19 22:59:48.655  INFO 39864 --- [main] o.s.b.a.e.mvc.EndpointHandlerMapping     : Mapped "{[/info || /info.json],methods=[GET],produces=[application/vnd.spring-boot.actuator.v1+json || application/json]}" onto public java.lang.Object org.springframework.boot.actuate.endpoint.mvc.EndpointMvcAdapter.invoke()
2018-10-19 22:59:48.656  INFO 39864 --- [main] o.s.b.a.e.mvc.EndpointHandlerMapping     : Mapped "{[/auditevents || /auditevents.json],methods=[GET],produces=[application/vnd.spring-boot.actuator.v1+json || application/json]}" onto public org.springframework.http.ResponseEntity<?> org.springframework.boot.actuate.endpoint.mvc.AuditEventsMvcEndpoint.findByPrincipalAndAfterAndType(java.lang.String,java.util.Date,java.lang.String)
2018-10-19 22:59:48.657  INFO 39864 --- [main] o.s.b.a.e.mvc.EndpointHandlerMapping     : Mapped "{[/resume || /resume.json],methods=[POST]}" onto public java.lang.Object org.springframework.cloud.endpoint.GenericPostableMvcEndpoint.invoke()
2018-10-19 22:59:48.658  INFO 39864 --- [main] o.s.b.a.e.mvc.EndpointHandlerMapping     : Mapped "{[/beans || /beans.json],methods=[GET],produces=[application/vnd.spring-boot.actuator.v1+json || application/json]}" onto public java.lang.Object org.springframework.boot.actuate.endpoint.mvc.EndpointMvcAdapter.invoke()
2018-10-19 22:59:48.660  INFO 39864 --- [main] o.s.b.a.e.mvc.EndpointHandlerMapping     : Mapped "{[/configprops || /configprops.json],methods=[GET],produces=[application/vnd.spring-boot.actuator.v1+json || application/json]}" onto public java.lang.Object org.springframework.boot.actuate.endpoint.mvc.EndpointMvcAdapter.invoke()
2018-10-19 22:59:48.661  INFO 39864 --- [main] o.s.b.a.e.mvc.EndpointHandlerMapping     : Mapped "{[/dump || /dump.json],methods=[GET],produces=[application/vnd.spring-boot.actuator.v1+json || application/json]}" onto public java.lang.Object org.springframework.boot.actuate.endpoint.mvc.EndpointMvcAdapter.invoke()
2018-10-19 22:59:48.664  INFO 39864 --- [main] o.s.b.a.e.mvc.EndpointHandlerMapping     : Mapped "{[/metrics/{name:.*}],methods=[GET],produces=[application/vnd.spring-boot.actuator.v1+json || application/json]}" onto public java.lang.Object org.springframework.boot.actuate.endpoint.mvc.MetricsMvcEndpoint.value(java.lang.String)
2018-10-19 22:59:48.664  INFO 39864 --- [main] o.s.b.a.e.mvc.EndpointHandlerMapping     : Mapped "{[/metrics || /metrics.json],methods=[GET],produces=[application/vnd.spring-boot.actuator.v1+json || application/json]}" onto public java.lang.Object org.springframework.boot.actuate.endpoint.mvc.EndpointMvcAdapter.invoke()
2018-10-19 22:59:48.665  INFO 39864 --- [main] o.s.b.a.e.mvc.EndpointHandlerMapping     : Mapped "{[/heapdump || /heapdump.json],methods=[GET],produces=[application/octet-stream]}" onto public void org.springframework.boot.actuate.endpoint.mvc.HeapdumpMvcEndpoint.invoke(boolean,javax.servlet.http.HttpServletRequest,javax.servlet.http.HttpServletResponse) throws java.io.IOException,javax.servlet.ServletException
2018-10-19 22:59:48.667  INFO 39864 --- [main] o.s.b.a.e.mvc.EndpointHandlerMapping     : Mapped "{[/loggers/{name:.*}],methods=[GET],produces=[application/vnd.spring-boot.actuator.v1+json || application/json]}" onto public java.lang.Object org.springframework.boot.actuate.endpoint.mvc.LoggersMvcEndpoint.get(java.lang.String)
2018-10-19 22:59:48.668  INFO 39864 --- [main] o.s.b.a.e.mvc.EndpointHandlerMapping     : Mapped "{[/loggers/{name:.*}],methods=[POST],consumes=[application/vnd.spring-boot.actuator.v1+json || application/json],produces=[application/vnd.spring-boot.actuator.v1+json || application/json]}" onto public java.lang.Object org.springframework.boot.actuate.endpoint.mvc.LoggersMvcEndpoint.set(java.lang.String,java.util.Map<java.lang.String, java.lang.String>)
2018-10-19 22:59:48.668  INFO 39864 --- [main] o.s.b.a.e.mvc.EndpointHandlerMapping     : Mapped "{[/loggers || /loggers.json],methods=[GET],produces=[application/vnd.spring-boot.actuator.v1+json || application/json]}" onto public java.lang.Object org.springframework.boot.actuate.endpoint.mvc.EndpointMvcAdapter.invoke()
2018-10-19 22:59:48.669  INFO 39864 --- [main] o.s.b.a.e.mvc.EndpointHandlerMapping     : Mapped "{[/logfile || /logfile.json],methods=[GET || HEAD]}" onto public void org.springframework.boot.actuate.endpoint.mvc.LogFileMvcEndpoint.invoke(javax.servlet.http.HttpServletRequest,javax.servlet.http.HttpServletResponse) throws javax.servlet.ServletException,java.io.IOException
2018-10-19 22:59:48.670  INFO 39864 --- [main] o.s.b.a.e.mvc.EndpointHandlerMapping     : Mapped "{[/env],methods=[POST]}" onto public java.lang.Object org.springframework.cloud.context.environment.EnvironmentManagerMvcEndpoint.value(java.util.Map<java.lang.String, java.lang.String>)
2018-10-19 22:59:48.670  INFO 39864 --- [main] o.s.b.a.e.mvc.EndpointHandlerMapping     : Mapped "{[/env/reset],methods=[POST]}" onto public java.util.Map<java.lang.String, java.lang.Object> org.springframework.cloud.context.environment.EnvironmentManagerMvcEndpoint.reset()
2018-10-19 22:59:49.070  WARN 39864 --- [main] c.n.c.sources.URLConfigurationSource     : No URLs will be polled as dynamic configuration sources.
2018-10-19 22:59:49.070  INFO 39864 --- [main] c.n.c.sources.URLConfigurationSource     : To enable URLs as dynamic configuration sources, define System property archaius.configurationSource.additionalUrls or make config.properties available on classpath.
2018-10-19 22:59:49.166  INFO 39864 --- [main] o.s.j.e.a.AnnotationMBeanExporter        : Registering beans for JMX exposure on startup
2018-10-19 22:59:49.180  INFO 39864 --- [main] o.s.j.e.a.AnnotationMBeanExporter        : Bean with name 'environmentManager' has been autodetected for JMX exposure
2018-10-19 22:59:49.185  INFO 39864 --- [main] o.s.j.e.a.AnnotationMBeanExporter        : Bean with name 'configurationPropertiesRebinder' has been autodetected for JMX exposure
2018-10-19 22:59:49.188  INFO 39864 --- [main] o.s.j.e.a.AnnotationMBeanExporter        : Bean with name 'refreshEndpoint' has been autodetected for JMX exposure
2018-10-19 22:59:49.189  INFO 39864 --- [main] o.s.j.e.a.AnnotationMBeanExporter        : Bean with name 'restartEndpoint' has been autodetected for JMX exposure
2018-10-19 22:59:49.191  INFO 39864 --- [main] o.s.j.e.a.AnnotationMBeanExporter        : Bean with name 'serviceRegistryEndpoint' has been autodetected for JMX exposure
2018-10-19 22:59:49.192  INFO 39864 --- [main] o.s.j.e.a.AnnotationMBeanExporter        : Bean with name 'refreshScope' has been autodetected for JMX exposure
2018-10-19 22:59:49.196  INFO 39864 --- [main] o.s.j.e.a.AnnotationMBeanExporter        : Located managed bean 'environmentManager': registering with JMX server as MBean [org.springframework.cloud.context.environment:name=environmentManager,type=EnvironmentManager]
2018-10-19 22:59:49.210  INFO 39864 --- [main] o.s.j.e.a.AnnotationMBeanExporter        : Located managed bean 'restartEndpoint': registering with JMX server as MBean [org.springframework.cloud.context.restart:name=restartEndpoint,type=RestartEndpoint]
2018-10-19 22:59:49.227  INFO 39864 --- [main] o.s.j.e.a.AnnotationMBeanExporter        : Located managed bean 'serviceRegistryEndpoint': registering with JMX server as MBean [org.springframework.cloud.client.serviceregistry.endpoint:name=serviceRegistryEndpoint,type=ServiceRegistryEndpoint]
2018-10-19 22:59:49.236  INFO 39864 --- [main] o.s.j.e.a.AnnotationMBeanExporter        : Located managed bean 'refreshScope': registering with JMX server as MBean [org.springframework.cloud.context.scope.refresh:name=refreshScope,type=RefreshScope]
2018-10-19 22:59:49.250  INFO 39864 --- [main] o.s.j.e.a.AnnotationMBeanExporter        : Located managed bean 'configurationPropertiesRebinder': registering with JMX server as MBean [org.springframework.cloud.context.properties:name=configurationPropertiesRebinder,context=3ed242a4,type=ConfigurationPropertiesRebinder]
2018-10-19 22:59:49.255  INFO 39864 --- [main] o.s.j.e.a.AnnotationMBeanExporter        : Located managed bean 'refreshEndpoint': registering with JMX server as MBean [org.springframework.cloud.endpoint:name=refreshEndpoint,type=RefreshEndpoint]
2018-10-19 22:59:49.653  INFO 39864 --- [main] o.a.c.c.C.[Tomcat].[localhost].[/]       : jolokia: No access restrictor found, access to any MBean is allowed
2018-10-19 22:59:49.657  INFO 39864 --- [main] o.a.c.c.C.[Tomcat].[localhost].[/]       : jolokia: jolokia:type=Config is already registered. Adding it with jolokia:type=Config,uuid=40fedd65-5108-4768-8090-5235576fd658, but you should revise your setup in order to either use a qualifier or ensure, that only a single agent gets registered (otherwise history functionality might not work)
2018-10-19 22:59:49.658  INFO 39864 --- [main] o.a.c.c.C.[Tomcat].[localhost].[/]       : jolokia: Cannot register (legacy) MBean handler for config store with name jmx4perl:type=Config since it already exists. This is the case if another agent has been already started within the same JVM. The registration is skipped.
2018-10-19 22:59:49.658  INFO 39864 --- [main] o.a.c.c.C.[Tomcat].[localhost].[/]       : jolokia: Jolokia Discovery MBean registration is skipped because there is already one registered.
2018-10-19 22:59:49.732  INFO 39864 --- [main] o.s.c.support.DefaultLifecycleProcessor  : Starting beans in phase 0
2018-10-19 22:59:49.740  INFO 39864 --- [main] o.s.c.n.eureka.InstanceInfoFactory       : Setting initial instance status as: STARTING
2018-10-19 22:59:49.795  INFO 39864 --- [main] com.netflix.discovery.DiscoveryClient    : Initializing Eureka in region us-east-1
2018-10-19 22:59:50.328  INFO 39864 --- [main] c.n.d.provider.DiscoveryJerseyProvider   : Using JSON encoding codec LegacyJacksonJson
2018-10-19 22:59:50.331  INFO 39864 --- [main] c.n.d.provider.DiscoveryJerseyProvider   : Using JSON decoding codec LegacyJacksonJson
2018-10-19 22:59:50.470  INFO 39864 --- [main] c.n.d.provider.DiscoveryJerseyProvider   : Using XML encoding codec XStreamXml
2018-10-19 22:59:50.470  INFO 39864 --- [main] c.n.d.provider.DiscoveryJerseyProvider   : Using XML decoding codec XStreamXml
2018-10-19 22:59:50.647  INFO 39864 --- [main] c.n.d.s.r.aws.ConfigClusterResolver      : Resolving eureka endpoints via configuration
2018-10-19 22:59:50.938  INFO 39864 --- [main] com.netflix.discovery.DiscoveryClient    : Disable delta property : false
2018-10-19 22:59:50.938  INFO 39864 --- [main] com.netflix.discovery.DiscoveryClient    : Single vip registry refresh property : null
2018-10-19 22:59:50.938  INFO 39864 --- [main] com.netflix.discovery.DiscoveryClient    : Force full registry fetch : false
2018-10-19 22:59:50.938  INFO 39864 --- [main] com.netflix.discovery.DiscoveryClient    : Application is null : false
2018-10-19 22:59:50.938  INFO 39864 --- [main] com.netflix.discovery.DiscoveryClient    : Registered Applications size is zero : true
2018-10-19 22:59:50.938  INFO 39864 --- [main] com.netflix.discovery.DiscoveryClient    : Application version is -1: true
2018-10-19 22:59:50.938  INFO 39864 --- [main] com.netflix.discovery.DiscoveryClient    : Getting all instance registry info from the eureka server
2018-10-19 22:59:51.171  INFO 39864 --- [main] com.netflix.discovery.DiscoveryClient    : The response status is 200
2018-10-19 22:59:51.172  INFO 39864 --- [main] com.netflix.discovery.DiscoveryClient    : Starting heartbeat executor: renew interval is: 30
2018-10-19 22:59:51.174  INFO 39864 --- [main] c.n.discovery.InstanceInfoReplicator     : InstanceInfoReplicator onDemand update allowed rate per min is 4
2018-10-19 22:59:51.177  INFO 39864 --- [main] com.netflix.discovery.DiscoveryClient    : Discovery Client initialized at timestamp 1539961191177 with initial instances count: 0
2018-10-19 22:59:51.259  INFO 39864 --- [main] o.s.c.n.e.s.EurekaServiceRegistry        : Registering application eureka-client-one with eureka with status UP
2018-10-19 22:59:51.268  INFO 39864 --- [main] com.netflix.discovery.DiscoveryClient    : Saw local status change event StatusChangeEvent [timestamp=1539961191268, current=UP, previous=STARTING]
2018-10-19 22:59:51.271  INFO 39864 --- [DiscoveryClient-InstanceInfoReplicator-0] com.netflix.discovery.DiscoveryClient    : DiscoveryClient_EUREKA-CLIENT-ONE/LENOVO-LEGION:eureka-client-one:8762: registering service...
2018-10-19 22:59:51.388  INFO 39864 --- [main] o.s.c.support.DefaultLifecycleProcessor  : Starting beans in phase 2147483647
2018-10-19 22:59:51.397  INFO 39864 --- [main] ration$HystrixMetricsPollerConfiguration : Starting poller
2018-10-19 22:59:51.580  INFO 39864 --- [main] s.b.c.e.t.TomcatEmbeddedServletContainer : Tomcat started on port(s): 8762 (http)
2018-10-19 22:59:51.584  INFO 39864 --- [main] .s.c.n.e.s.EurekaAutoServiceRegistration : Updating port to 8762
2018-10-19 22:59:51.594  INFO 39864 --- [main] com.froad.Application                    : Started Application in 11.165 seconds (JVM running for 11.649)
2018-10-19 22:59:51.783  INFO 39864 --- [DiscoveryClient-InstanceInfoReplicator-0] com.netflix.discovery.DiscoveryClient    : DiscoveryClient_EUREKA-CLIENT-ONE/LENOVO-LEGION:eureka-client-one:8762 - registration status: 204
2018-10-19 23:00:20.605  INFO 39864 --- [http-nio-8762-exec-1] o.a.c.c.C.[Tomcat].[localhost].[/]       : Initializing Spring FrameworkServlet 'dispatcherServlet'
2018-10-19 23:00:20.607  INFO 39864 --- [http-nio-8762-exec-1] o.s.web.servlet.DispatcherServlet        : FrameworkServlet 'dispatcherServlet': initialization started
2018-10-19 23:00:20.877  INFO 39864 --- [http-nio-8762-exec-1] o.s.web.servlet.DispatcherServlet        : FrameworkServlet 'dispatcherServlet': initialization completed in 270 ms
2018-10-19 23:00:21.173  INFO 39864 --- [DiscoveryClient-CacheRefreshExecutor-0] com.netflix.discovery.DiscoveryClient    : Disable delta property : false
2018-10-19 23:00:21.174  INFO 39864 --- [DiscoveryClient-CacheRefreshExecutor-0] com.netflix.discovery.DiscoveryClient    : Single vip registry refresh property : null
2018-10-19 23:00:21.174  INFO 39864 --- [DiscoveryClient-CacheRefreshExecutor-0] com.netflix.discovery.DiscoveryClient    : Force full registry fetch : false
2018-10-19 23:00:21.177  INFO 39864 --- [DiscoveryClient-CacheRefreshExecutor-0] com.netflix.discovery.DiscoveryClient    : Application is null : false
2018-10-19 23:00:21.178  INFO 39864 --- [DiscoveryClient-CacheRefreshExecutor-0] com.netflix.discovery.DiscoveryClient    : Registered Applications size is zero : true
2018-10-19 23:00:21.178  INFO 39864 --- [DiscoveryClient-CacheRefreshExecutor-0] com.netflix.discovery.DiscoveryClient    : Application version is -1: false
2018-10-19 23:00:21.178  INFO 39864 --- [DiscoveryClient-CacheRefreshExecutor-0] com.netflix.discovery.DiscoveryClient    : Getting all instance registry info from the eureka server
2018-10-19 23:00:21.210  INFO 39864 --- [DiscoveryClient-CacheRefreshExecutor-0] com.netflix.discovery.DiscoveryClient    : The response status is 200
